MPASM 5.84                NEWASMTEMPLATE.ASM   1-11-2023  12:17:47         PAGE  1


LOC  OBJECT CODE     LINE SOURCE TEXT
  VALUE

                      00001 #include "p18f4520.inc"
                      00001         LIST
                      00002 
                      00003 ;==========================================================================
                      00004 ; Build date : Mar 17 2019
                      00005 ;  MPASM PIC18F4520 processor include
                      00006 ; 
                      00007 ;  (c) Copyright 1999-2019 Microchip Technology, All rights reserved
                      00008 ;==========================================================================
                      00009 
                      01489         LIST
                      00002 ; CONFIG1H
                      00003   CONFIG  OSC = INTIO67         ; Oscillator Selection bits (Internal oscillator block, port function on
                             RA6 and RA7)
                      00004   CONFIG  FCMEN = OFF           ; Fail-Safe Clock Monitor Enable bit (Fail-Safe Clock Monitor disabled)
                      00005   CONFIG  IESO = OFF            ; Internal/External Oscillator Switchover bit (Oscillator Switchover mod
                            e disabled)
                      00006 
                      00007 ; CONFIG2L
                      00008   CONFIG  PWRT = OFF            ; Power-up Timer Enable bit (PWRT disabled)
                      00009   CONFIG  BOREN = SBORDIS       ; Brown-out Reset Enable bits (Brown-out Reset enabled in hardware only 
                            (SBOREN is disabled))
                      00010   CONFIG  BORV = 3             ; Brown Out Reset Voltage bits (Minimum setting)
                      00011 
                      00012 ; CONFIG2H
                      00013   CONFIG  WDT = OFF             ; Watchdog Timer Enable bit (WDT disabled (control is placed on the SWDT
                            EN bit))
                      00014   CONFIG  WDTPS = 32768         ; Watchdog Timer Postscale Select bits (1:32768)
                      00015 
                      00016 ; CONFIG3H
                      00017   CONFIG  CCP2MX = PORTC        ; CCP2 MUX bit (CCP2 input/output is multiplexed with RC1)
                      00018   CONFIG  PBADEN = OFF          ; PORTB A/D Enable bit (PORTB<4:0> pins are configured as analog input c
                            hannels on Reset)
                      00019   CONFIG  MCLRE = ON            ; MCLR Pin Enable bit (MCLR pin enabled; RE3 input pin disabled)
                      00020 
                      00021 ; CONFIG4L
                      00022   CONFIG  STVREN = ON           ; Stack Full/Underflow Reset Enable bit (Stack full/underflow will cause
                             Reset)
                      00023   CONFIG  LVP = OFF             ; Single-Supply ICSP Enable bit (Single-Supply ICSP disabled)
                      00024   CONFIG  XINST = OFF           ; Extended Instruction Set Enable bit (Instruction set extension and Ind
                            exed Addressing mode disabled (Legacy mode))
                      00025 
                      00026 ; CONFIG5L
                      00027   CONFIG  CP0 = OFF             ; Code Protection bit (Block 0 (000800-001FFFh) not code-protected)
                      00028   CONFIG  CP1 = OFF             ; Code Protection bit (Block 1 (002000-003FFFh) not code-protected)
                      00029   CONFIG  CP2 = OFF             ; Code Protection bit (Block 2 (004000-005FFFh) not code-protected)
                      00030   CONFIG  CP3 = OFF             ; Code Protection bit (Block 3 (006000-007FFFh) not code-protected)
                      00031 
                      00032 ; CONFIG5H
                      00033   CONFIG  CPB = OFF             ; Boot Block Code Protection bit (Boot block (000000-0007FFh) not code-p
                            rotected)
                      00034   CONFIG  CPD = OFF             ; Data EEPROM Code Protection bit (Data EEPROM not code-protected)
                      00035 
MPASM 5.84                NEWASMTEMPLATE.ASM   1-11-2023  12:17:47         PAGE  2


LOC  OBJECT CODE     LINE SOURCE TEXT
  VALUE

                      00036 ; CONFIG6L
                      00037   CONFIG  WRT0 = OFF            ; Write Protection bit (Block 0 (000800-001FFFh) not write-protected)
                      00038   CONFIG  WRT1 = OFF            ; Write Protection bit (Block 1 (002000-003FFFh) not write-protected)
                      00039   CONFIG  WRT2 = OFF            ; Write Protection bit (Block 2 (004000-005FFFh) not write-protected)
                      00040   CONFIG  WRT3 = OFF            ; Write Protection bit (Block 3 (006000-007FFFh) not write-protected)
                      00041 
                      00042 ; CONFIG6H
                      00043   CONFIG  WRTC = OFF            ; Configuration Register Write Protection bit (Configuration registers (
                            300000-3000FFh) not write-protected)
                      00044   CONFIG  WRTB = OFF            ; Boot Block Write Protection bit (Boot block (000000-0007FFh) not write
                            -protected)
                      00045   CONFIG  WRTD = OFF            ; Data EEPROM Write Protection bit (Data EEPROM not write-protected)
                      00046 
                      00047 ; CONFIG7L
                      00048   CONFIG  EBTR0 = OFF           ; Table Read Protection bit (Block 0 (000800-001FFFh) not protected from
                             table reads executed in other blocks)
                      00049   CONFIG  EBTR1 = OFF           ; Table Read Protection bit (Block 1 (002000-003FFFh) not protected from
                             table reads executed in other blocks)
                      00050   CONFIG  EBTR2 = OFF           ; Table Read Protection bit (Block 2 (004000-005FFFh) not protected from
                             table reads executed in other blocks)
                      00051   CONFIG  EBTR3 = OFF           ; Table Read Protection bit (Block 3 (006000-007FFFh) not protected from
                             table reads executed in other blocks)
                      00052 
                      00053 ; CONFIG7H
                      00054   CONFIG  EBTRB = OFF           ; Boot Block Table Read Protection bit (Boot block (000000-0007FFh) not 
                            protected from table reads executed in other blocks)
                      00055 
                      00056 
                      00057         ORG     0x000                   
000000 EF?? F???      00058         GOTO    INICIO
000004                00059 INICIO:
                      00060         ; Internal Oscillator Frequency: 8 MHz  
000004 8CD3           00061         BSF     OSCCON,IRCF2            
000006 8AD3           00062         BSF     OSCCON,IRCF1                    
000008 88D3           00063         BSF     OSCCON,IRCF0
                      00064         ;PLL enabled for INTOSC 
00000A 8C9B           00065         BSF     OSCTUNE,PLLEN 
                      00066         
                      00067         ;A/D Port Configuration Control bits:1111 
00000C 0E0F           00068         MOVLW 0x0F
00000E 6EC1           00069         MOVWF ADCON1
                      00070         
                      00071         ; configure  all bits of PORTA as an input bit
000010 6892           00072         SETF    TRISA   
                      00073         ; configure  all bits of PORTB PORTC as an output bit
000012 6A93           00074         CLRF    TRISB                   
000014 6A94           00075         CLRF    TRISC   
                      00076         
000016 6A80           00077         CLRF    PORTA                   
000018 6A81           00078         CLRF    PORTB                   
00001A 6A82           00079         CLRF    PORTC                   
                      00080         
                      00081         #DEFINE MOV_CW_X    PORTA,0
MPASM 5.84                NEWASMTEMPLATE.ASM   1-11-2023  12:17:47         PAGE  3


LOC  OBJECT CODE     LINE SOURCE TEXT
  VALUE

                      00082         #DEFINE MOV_CCW_X   PORTA,1
                      00083         #DEFINE STEP_X      LATC,5
                      00084         #DEFINE DIR_X       LATC,4
                      00085         #DEFINE ENABLE_X    LATC,6
                      00086         
                      00087         
                      00088         
                      00089 
00001C                00090 PRINCIPAL_X:
                      00091         ;check if press the botton connected to PORTA,0
00001C A080           00092         BTFSS   MOV_CW_X 
00001E EF?? F???      00093         GOTO    DIR_CW_X
                      00094         ;check if press the botton connected to PORTA,1
000022 A280           00095         BTFSS   MOV_CCW_X
000024 EF?? F???      00096         GOTO    DIR_CCW_X
                      00097         ;resume initial configuration
000028 8C8B           00098         BSF     ENABLE_X
00002A EF?? F???      00099         GOTO    PRINCIPAL_X     
                      00100         
00002E                00101 DIR_CW_X:       
                      00102         ; a4988 enable bit=0
00002E 9C8B           00103         BCF     ENABLE_X        
                      00104         ;a4988 dir bit=0 (clockwise)
000030 988B           00105         BCF     DIR_X
                      00106         ;drive stepper motor
000032 8A8B           00107         BSF     STEP_X
000034 EC?? F???      00108         CALL    RET_500us
000038 9A8B           00109         BCF     STEP_X
00003A EC?? F???      00110         CALL    RET_500us
                      00111         ;resume initial configuration
00003E 9080           00112         BCF    MOV_CW_X
                      00113 
000040 EF?? F???      00114         GOTO    PRINCIPAL_X
000044                00115 DIR_CCW_X:
                      00116      ; a4988 enable bit=0
000044 9C8B           00117         BCF     ENABLE_X        
                      00118         ;a4988 dir bit=1 (counterclockwise)
000046 888B           00119         BSF     DIR_X
                      00120         ;drive stepper motor
000048 8A8B           00121         BSF     STEP_X
00004A EC?? F???      00122         CALL    RET_500us
00004E 9A8B           00123         BCF     STEP_X
000050 EC?? F???      00124         CALL    RET_500us
                      00125         ;resume initial configuration
000054 9280           00126         BCF    MOV_CCW_X
000056 EF?? F???      00127         GOTO    PRINCIPAL_X     
                      00128 
                      00129 
                      00130 
                      00131 
00005A                00132 RET_SERVO:
                      00133         ; timer0 16 bits, Prescale value1:16
00005A 0E03           00134         MOVLW   B'00000011'             
MPASM 5.84                NEWASMTEMPLATE.ASM   1-11-2023  12:17:47         PAGE  4


LOC  OBJECT CODE     LINE SOURCE TEXT
  VALUE

00005C 6ED5           00135         MOVWF   T0CON   
00005E 94F2           00136         BCF     INTCON,TMR0IF
000060 0EFF           00137         MOVLW   0XFF
000062 6ED7           00138         MOVWF   TMR0H
000064 0EFA           00139         MOVLW   0XFA
000066 6ED6           00140         MOVWF   TMR0L
                      00141         ;staet timer
000068 8ED5           00142         BSF     T0CON,TMR0ON
00006A EF?? F???      00143         GOTO    CICLO_RETARDO           
                      00144 
00006E                00145 RET_1s:
                      00146     ; timer0 16 bits, Prescale value1:256
00006E 0E07           00147         MOVLW   B'00000111'             
000070 6ED5           00148         MOVWF   T0CON                   
000072 94F2           00149         BCF     INTCON,TMR0IF
000074 0E0B           00150         MOVLW   0X0B
000076 6ED7           00151         MOVWF   TMR0H
000078 0EDB           00152         MOVLW   0XDB
00007A 6ED6           00153         MOVWF   TMR0L
                      00154         ;staet timer
00007C 8ED5           00155         BSF     T0CON,TMR0ON
00007E EF?? F???      00156         GOTO    CICLO_RETARDO   
                      00157         
000082                00158 RET_500ms:
                      00159      ; timer0 16 bits, Prescale value1:256
000082 0E07           00160         MOVLW   B'00000111'             
000084 6ED5           00161         MOVWF   T0CON                   
000086 94F2           00162         BCF     INTCON,TMR0IF
000088 0E85           00163         MOVLW   0X85
00008A 6ED7           00164         MOVWF   TMR0H
00008C 0EED           00165         MOVLW   0XED
00008E 6ED6           00166         MOVWF   TMR0L
                      00167         ;staet timer
000090 8ED5           00168         BSF     T0CON,TMR0ON
000092 EF?? F???      00169         GOTO    CICLO_RETARDO   
000096                00170 RET_100ms:
                      00171      ; timer0 16 bits, Prescale value1:32
000096 0E04           00172         MOVLW   B'00000100'             
000098 6ED5           00173         MOVWF   T0CON   
00009A 94F2           00174         BCF     INTCON,TMR0IF
00009C 0E3C           00175         MOVLW   0X3C
00009E 6ED7           00176         MOVWF   TMR0H
0000A0 0EAF           00177         MOVLW   0XAF
0000A2 6ED6           00178         MOVWF   TMR0L
                      00179         ;staet timer
0000A4 8ED5           00180         BSF     T0CON,TMR0ON
0000A6 EF?? F???      00181         GOTO    CICLO_RETARDO   
0000AA                00182 RET_50ms:
                      00183      ; timer0 16 bits, Prescale value1:32
0000AA 0E04           00184         MOVLW   B'00000100'             
0000AC 6ED5           00185         MOVWF   T0CON   
0000AE 94F2           00186         BCF     INTCON,TMR0IF
0000B0 0E9E           00187         MOVLW   0X9E
MPASM 5.84                NEWASMTEMPLATE.ASM   1-11-2023  12:17:47         PAGE  5


LOC  OBJECT CODE     LINE SOURCE TEXT
  VALUE

0000B2 6ED7           00188         MOVWF   TMR0H
0000B4 0E57           00189         MOVLW   0X57
0000B6 6ED6           00190         MOVWF   TMR0L
                      00191         ;staet timer
0000B8 8ED5           00192         BSF     T0CON,TMR0ON
0000BA EF?? F???      00193         GOTO    CICLO_RETARDO   
0000BE                00194 RET_33ms:
                      00195      ; timer0 16 bits, Prescale value1:32
0000BE 0E04           00196         MOVLW   B'00000100'             
0000C0 6ED5           00197         MOVWF   T0CON   
0000C2 94F2           00198         BCF     INTCON,TMR0IF
0000C4 0EBF           00199         MOVLW   0XBF
0000C6 6ED7           00200         MOVWF   TMR0H
0000C8 0E8B           00201         MOVLW   0X8B
0000CA 6ED6           00202         MOVWF   TMR0L
                      00203         ;staet timer
0000CC 8ED5           00204         BSF     T0CON,TMR0ON
0000CE EF?? F???      00205         GOTO    CICLO_RETARDO   
0000D2                00206 RET_16ms:
                      00207       ; timer0 16 bits, Prescale value1:32
0000D2 0E04           00208         MOVLW   B'00000100'             
0000D4 6ED5           00209         MOVWF   T0CON   
0000D6 94F2           00210         BCF     INTCON,TMR0IF
0000D8 0EE0           00211         MOVLW   0XE0
0000DA 6ED7           00212         MOVWF   TMR0H
0000DC 0EBF           00213         MOVLW   0XBF
0000DE 6ED6           00214         MOVWF   TMR0L
                      00215         ;staet timer
0000E0 8ED5           00216         BSF     T0CON,TMR0ON
0000E2 EF?? F???      00217         GOTO    CICLO_RETARDO   
0000E6                00218 RET_18ms:
                      00219       ; timer0 16 bits, Prescale value1:32
0000E6 0E04           00220         MOVLW   B'00000100'             
0000E8 6ED5           00221         MOVWF   T0CON   
0000EA 94F2           00222         BCF     INTCON,TMR0IF
0000EC 0EDC           00223         MOVLW   0XDC
0000EE 6ED7           00224         MOVWF   TMR0H
0000F0 0ED7           00225         MOVLW   0XD7
0000F2 6ED6           00226         MOVWF   TMR0L
                      00227         ;staet timer
0000F4 8ED5           00228         BSF     T0CON,TMR0ON
0000F6 EF?? F???      00229         GOTO    CICLO_RETARDO   
0000FA                00230 RET_10ms:
                      00231       ; timer0 16 bits, Prescale value1:16
0000FA 0E03           00232         MOVLW   B'00000011'             
0000FC 6ED5           00233         MOVWF   T0CON   
0000FE 94F2           00234         BCF     INTCON,TMR0IF
000100 0ED8           00235         MOVLW   0XD8
000102 6ED7           00236         MOVWF   TMR0H
000104 0EF0           00237         MOVLW   0XF0
000106 6ED6           00238         MOVWF   TMR0L
                      00239         ;staet timer
000108 8ED5           00240         BSF     T0CON,TMR0ON
MPASM 5.84                NEWASMTEMPLATE.ASM   1-11-2023  12:17:47         PAGE  6


LOC  OBJECT CODE     LINE SOURCE TEXT
  VALUE

00010A EF?? F???      00241         GOTO    CICLO_RETARDO   
00010E                00242 RET_5ms:
                      00243       ; timer0 16 bits, Prescale value1:2
00010E 0E00           00244         MOVLW   B'00000000'             
000110 6ED5           00245         MOVWF   T0CON   
000112 94F2           00246         BCF     INTCON,TMR0IF
000114 0E63           00247         MOVLW   .99
000116 6ED7           00248         MOVWF   TMR0H
000118 0E52           00249         MOVLW   .82
00011A 6ED6           00250         MOVWF   TMR0L   
                      00251         ;staet timer
00011C 8ED5           00252         BSF     T0CON,TMR0ON
00011E EF?? F???      00253         GOTO    CICLO_RETARDO
000122                00254 RET_500us:
                      00255       ; timer0 16 bits, Prescale value1:32
000122 0E04           00256         MOVLW   B'00000100'             
000124 6ED5           00257         MOVWF   T0CON   
000126 94F2           00258         BCF     INTCON,TMR0IF
000128 0EFF           00259         MOVLW   0XFF
00012A 6ED7           00260         MOVWF   TMR0H
00012C 0E05           00261         MOVLW   0X05
00012E 6ED6           00262         MOVWF   TMR0L
                      00263         ;staet timer
000130 8ED5           00264         BSF     T0CON,TMR0ON
000132 EF?? F???      00265         GOTO    CICLO_RETARDO
000136                00266 RET_250us:
                      00267       ; timer0 16 bits, Prescale value1:32
000136 0E04           00268         MOVLW   B'00000100'             
000138 6ED5           00269         MOVWF   T0CON   
00013A 94F2           00270         BCF     INTCON,TMR0IF
00013C 0EFF           00271         MOVLW   0XFF
00013E 6ED7           00272         MOVWF   TMR0H
000140 0E82           00273         MOVLW   0X82
000142 6ED6           00274         MOVWF   TMR0L
                      00275         ;staet timer
000144 8ED5           00276         BSF     T0CON,TMR0ON
000146 EF?? F???      00277         GOTO    CICLO_RETARDO
00014A                00278 RET_1ms:
                      00279       ; timer0 16 bits, Prescale value1:32
00014A 0E04           00280         MOVLW   B'00000100'             
00014C 6ED5           00281         MOVWF   T0CON   
00014E 94F2           00282         BCF     INTCON,TMR0IF
000150 0EFE           00283         MOVLW   0XFE
000152 6ED7           00284         MOVWF   TMR0H
000154 0E0D           00285         MOVLW   0X0D
000156 6ED6           00286         MOVWF   TMR0L
                      00287         ;staet timer
000158 8ED5           00288         BSF     T0CON,TMR0ON
00015A EF?? F???      00289         GOTO    CICLO_RETARDO
                      00290         
00015E                00291 CICLO_RETARDO:  
                      00292         ;busy waiting
00015E A4F2           00293         BTFSS   INTCON,TMR0IF
MPASM 5.84                NEWASMTEMPLATE.ASM   1-11-2023  12:17:47         PAGE  7


LOC  OBJECT CODE     LINE SOURCE TEXT
  VALUE

000160 EF?? F???      00294         GOTO    CICLO_RETARDO
                      00295         ;set TMR0 Overflow Interrupt Flag bit=0
000164 94F2           00296         BCF     INTCON,TMR0IF
                      00297         ;stop timer
000166 9ED5           00298         BCF     T0CON,TMR0ON
000168 0012           00299         RETURN
                      00300 
                      00301         END
MPASM 5.84                NEWASMTEMPLATE.ASM   1-11-2023  12:17:47         PAGE  8


SYMBOL TABLE
  LABEL                             VALUE 

A                                 00000000
ABDEN                             00000000
ABDOVF                            00000007
ACCESS                            00000000
ACKDT                             00000005
ACKEN                             00000004
ACKSTAT                           00000006
ACQT0                             00000003
ACQT1                             00000004
ACQT2                             00000005
ADCON0                            00000FC2
ADCON1                            00000FC1
ADCON2                            00000FC0
ADCS0                             00000000
ADCS1                             00000001
ADCS2                             00000002
ADDEN                             00000003
ADEN                              00000003
ADFM                              00000007
ADIE                              00000006
ADIF                              00000006
ADIP                              00000006
ADMSK1                            00000001
ADMSK2                            00000002
ADMSK3                            00000003
ADMSK4                            00000004
ADMSK5                            00000005
ADON                              00000000
ADRES                             00000FC3
ADRESH                            00000FC4
ADRESL                            00000FC3
AN0                               00000000
AN1                               00000001
AN10                              00000001
AN11                              00000004
AN12                              00000000
AN2                               00000002
AN3                               00000003
AN4                               00000005
AN5                               00000000
AN6                               00000001
AN7                               00000002
AN8                               00000002
AN9                               00000003
BANKED                            00000001
BAUDCON                           00000FB8
BAUDCTL                           00000FB8
BCLIE                             00000003
BCLIF                             00000003
BCLIP                             00000003
BF                                00000000
BGST                              00000005
BOR                               00000000
MPASM 5.84                NEWASMTEMPLATE.ASM   1-11-2023  12:17:47         PAGE  9


SYMBOL TABLE
  LABEL                             VALUE 

BRG16                             00000003
BRGH                              00000002
BSR                               00000FE0
C                                 00000000
C1INV                             00000004
C1OUT_CMCON                       00000006
C1OUT_PORTA                       00000004
C2INV                             00000005
C2OUT_CMCON                       00000007
C2OUT_PORTA                       00000005
CCP1                              00000002
CCP1CON                           00000FBD
CCP1IE                            00000002
CCP1IF                            00000002
CCP1IP                            00000002
CCP1M0                            00000000
CCP1M1                            00000001
CCP1M2                            00000002
CCP1M3                            00000003
CCP1X                             00000005
CCP1Y                             00000004
CCP2CON                           00000FBA
CCP2IE                            00000000
CCP2IF                            00000000
CCP2IP                            00000000
CCP2M0                            00000000
CCP2M1                            00000001
CCP2M2                            00000002
CCP2M3                            00000003
CCP2X                             00000005
CCP2Y                             00000004
CCP2_PORTB                        00000003
CCP2_PORTC                        00000001
CCPR1                             00000FBE
CCPR1H                            00000FBF
CCPR1L                            00000FBE
CCPR2                             00000FBB
CCPR2H                            00000FBC
CCPR2L                            00000FBB
CFGS                              00000006
CHS0                              00000002
CHS1                              00000003
CHS2                              00000004
CHS3                              00000005
CICLO_RETARDO                     0000015E
CIS                               00000003
CK                                00000006
CKE                               00000006
CKP                               00000004
CLKI                              00000007
CLKO                              00000006
CM0                               00000000
CM1                               00000001
MPASM 5.84                NEWASMTEMPLATE.ASM   1-11-2023  12:17:47         PAGE 10


SYMBOL TABLE
  LABEL                             VALUE 

CM2                               00000002
CMCON                             00000FB4
CMIE                              00000006
CMIF                              00000006
CMIP                              00000006
CREN                              00000004
CS                                00000002
CSRC                              00000007
CVR0                              00000000
CVR1                              00000001
CVR2                              00000002
CVR3                              00000003
CVRCON                            00000FB5
CVREF                             00000002
CVREN                             00000007
CVROE                             00000006
CVRR                              00000005
CVRSS                             00000004
D                                 00000005
DC                                00000001
DC1B0                             00000004
DC1B1                             00000005
DC2B0                             00000004
DC2B1                             00000005
DDRA                              TRISA
DDRB                              TRISB
DDRC                              TRISC
DDRD                              TRISD
DDRE                              TRISE
DIR_CCW_X                         00000044
DIR_CW_X                          0000002E
DIR_X                             LATC,4
DONE                              00000001
D_A                               00000005
D_NOT_A                           00000005
ECCP1AS                           00000FB6
ECCP1DEL                          00000FB7
ECCPAS                            00000FB6
ECCPAS0                           00000004
ECCPAS1                           00000005
ECCPAS2                           00000006
ECCPASE                           00000007
EEADR                             00000FA9
EECON1                            00000FA6
EECON2                            00000FA7
EEDATA                            00000FA8
EEIE                              00000004
EEIF                              00000004
EEIP                              00000004
EEPGD                             00000007
ENABLE_X                          LATC,6
FAST                              00000001
FERR                              00000002
MPASM 5.84                NEWASMTEMPLATE.ASM   1-11-2023  12:17:47         PAGE 11


SYMBOL TABLE
  LABEL                             VALUE 

FLT0                              00000000
FLTS                              00000002
FREE                              00000004
FSR0                              00000000
FSR0H                             00000FEA
FSR0L                             00000FE9
FSR1                              00000001
FSR1H                             00000FE2
FSR1L                             00000FE1
FSR2                              00000002
FSR2H                             00000FDA
FSR2L                             00000FD9
GCEN                              00000007
GIE                               00000007
GIEH                              00000007
GIEL                              00000006
GIE_GIEH                          00000007
GO                                00000001
GO_DONE                           00000001
GO_NOT_DONE                       00000001
HLVDCON                           00000FD2
HLVDEN                            00000004
HLVDIE                            00000002
HLVDIF                            00000002
HLVDIN                            00000005
HLVDIP                            00000002
HLVDL0                            00000000
HLVDL1                            00000001
HLVDL2                            00000002
HLVDL3                            00000003
IBF                               00000007
IBOV                              00000005
IDLEN                             00000007
INDF0                             00000FEF
INDF1                             00000FE7
INDF2                             00000FDF
INICIO                            00000004
INT0                              00000000
INT0E                             00000004
INT0F                             00000001
INT0IE                            00000004
INT0IF                            00000001
INT1                              00000001
INT1E                             00000003
INT1F                             00000000
INT1IE                            00000003
INT1IF                            00000000
INT1IP                            00000006
INT1P                             00000006
INT2                              00000002
INT2E                             00000004
INT2F                             00000001
INT2IE                            00000004
MPASM 5.84                NEWASMTEMPLATE.ASM   1-11-2023  12:17:47         PAGE 12


SYMBOL TABLE
  LABEL                             VALUE 

INT2IF                            00000001
INT2IP                            00000007
INT2P                             00000007
INTCON                            00000FF2
INTCON2                           00000FF1
INTCON3                           00000FF0
INTEDG0                           00000006
INTEDG1                           00000005
INTEDG2                           00000004
INTSRC                            00000007
IOFS                              00000002
IPEN                              00000007
IPR1                              00000F9F
IPR2                              00000FA2
IRCF0                             00000004
IRCF1                             00000005
IRCF2                             00000006
IRVST                             00000005
IVRST                             00000005
KBI0                              00000004
KBI1                              00000005
KBI2                              00000006
KBI3                              00000007
LATA                              00000F89
LATA0                             00000000
LATA1                             00000001
LATA2                             00000002
LATA3                             00000003
LATA4                             00000004
LATA5                             00000005
LATA6                             00000006
LATA7                             00000007
LATB                              00000F8A
LATB0                             00000000
LATB1                             00000001
LATB2                             00000002
LATB3                             00000003
LATB4                             00000004
LATB5                             00000005
LATB6                             00000006
LATB7                             00000007
LATC                              00000F8B
LATC0                             00000000
LATC1                             00000001
LATC2                             00000002
LATC3                             00000003
LATC4                             00000004
LATC5                             00000005
LATC6                             00000006
LATC7                             00000007
LATD                              00000F8C
LATD0                             00000000
LATD1                             00000001
MPASM 5.84                NEWASMTEMPLATE.ASM   1-11-2023  12:17:47         PAGE 13


SYMBOL TABLE
  LABEL                             VALUE 

LATD2                             00000002
LATD3                             00000003
LATD4                             00000004
LATD5                             00000005
LATD6                             00000006
LATD7                             00000007
LATE                              00000F8D
LATE0                             00000000
LATE1                             00000001
LATE2                             00000002
LVDCON                            00000FD2
LVDEN                             00000004
LVDIE                             00000002
LVDIF                             00000002
LVDIN                             00000005
LVDIP                             00000002
LVDL0                             00000000
LVDL1                             00000001
LVDL2                             00000002
LVDL3                             00000003
LVV0                              00000000
LVV1                              00000001
LVV2                              00000002
LVV3                              00000003
MCLR                              00000003
MOV_CCW_X                         PORTA,1
MOV_CW_X                          PORTA,0
N                                 00000004
NOT_A                             00000005
NOT_ADDRESS                       00000005
NOT_BOR                           00000000
NOT_CS                            00000002
NOT_DONE                          00000001
NOT_MCLR                          00000003
NOT_PD                            00000002
NOT_POR                           00000001
NOT_RBPU                          00000007
NOT_RD                            00000000
NOT_RI                            00000004
NOT_SS                            00000005
NOT_T1SYNC                        00000002
NOT_T3SYNC                        00000002
NOT_TO                            00000003
NOT_W                             00000002
NOT_WR                            00000001
NOT_WRITE                         00000002
OBF                               00000006
OERR                              00000001
OSC1                              00000007
OSC2                              00000006
OSCCON                            00000FD3
OSCFIE                            00000007
OSCFIF                            00000007
MPASM 5.84                NEWASMTEMPLATE.ASM   1-11-2023  12:17:47         PAGE 14


SYMBOL TABLE
  LABEL                             VALUE 

OSCFIP                            00000007
OSCTUNE                           00000F9B
OSTS                              00000003
OV                                00000003
P                                 00000004
P1A                               00000002
P1B                               00000005
P1C                               00000006
P1D                               00000007
P1M0                              00000006
P1M1                              00000007
PC                                00000FF9
PCFG0                             00000000
PCFG1                             00000001
PCFG2                             00000002
PCFG3                             00000003
PCL                               00000FF9
PCLATH                            00000FFA
PCLATU                            00000FFB
PD                                00000002
PDC0                              00000000
PDC1                              00000001
PDC2                              00000002
PDC3                              00000003
PDC4                              00000004
PDC5                              00000005
PDC6                              00000006
PEIE                              00000006
PEIE_GIEL                         00000006
PEN                               00000002
PGC                               00000006
PGD                               00000007
PGM                               00000005
PIE1                              00000F9D
PIE2                              00000FA0
PIR1                              00000F9E
PIR2                              00000FA1
PLLEN                             00000006
PLUSW0                            00000FEB
PLUSW1                            00000FE3
PLUSW2                            00000FDB
POR                               00000001
PORTA                             00000F80
PORTB                             00000F81
PORTC                             00000F82
PORTD                             00000F83
PORTE                             00000F84
POSTDEC0                          00000FED
POSTDEC1                          00000FE5
POSTDEC2                          00000FDD
POSTINC0                          00000FEE
POSTINC1                          00000FE6
POSTINC2                          00000FDE
MPASM 5.84                NEWASMTEMPLATE.ASM   1-11-2023  12:17:47         PAGE 15


SYMBOL TABLE
  LABEL                             VALUE 

PR2                               00000FCB
PREINC0                           00000FEC
PREINC1                           00000FE4
PREINC2                           00000FDC
PRINCIPAL_X                       0000001C
PROD                              00000FF3
PRODH                             00000FF4
PRODL                             00000FF3
PRSEN                             00000007
PSA                               00000003
PSP0                              00000000
PSP1                              00000001
PSP2                              00000002
PSP3                              00000003
PSP4                              00000004
PSP5                              00000005
PSP6                              00000006
PSP7                              00000007
PSPIE                             00000007
PSPIF                             00000007
PSPIP                             00000007
PSPMODE                           00000004
PSSAC0                            00000002
PSSAC1                            00000003
PSSBD0                            00000000
PSSBD1                            00000001
PWM1CON                           00000FB7
R                                 00000002
RA0                               00000000
RA1                               00000001
RA2                               00000002
RA3                               00000003
RA4                               00000004
RA5                               00000005
RA6                               00000006
RA7                               00000007
RB0                               00000000
RB1                               00000001
RB2                               00000002
RB3                               00000003
RB4                               00000004
RB5                               00000005
RB6                               00000006
RB7                               00000007
RBIE                              00000003
RBIF                              00000000
RBIP                              00000000
RBPU                              00000007
RC0                               00000000
RC1                               00000001
RC2                               00000002
RC3                               00000003
RC4                               00000004
MPASM 5.84                NEWASMTEMPLATE.ASM   1-11-2023  12:17:47         PAGE 16


SYMBOL TABLE
  LABEL                             VALUE 

RC5                               00000005
RC6                               00000006
RC7                               00000007
RCEN                              00000003
RCIDL                             00000006
RCIE                              00000005
RCIF                              00000005
RCIP                              00000005
RCMT                              00000006
RCON                              00000FD0
RCREG                             00000FAE
RCSTA                             00000FAB
RD                                00000000
RD0                               00000000
RD1                               00000001
RD16                              00000007
RD2                               00000002
RD3                               00000003
RD4                               00000004
RD5                               00000005
RD6                               00000006
RD7                               00000007
RE0                               00000000
RE1                               00000001
RE2                               00000002
RE3                               00000003
RET_100ms                         00000096
RET_10ms                          000000FA
RET_16ms                          000000D2
RET_18ms                          000000E6
RET_1ms                           0000014A
RET_1s                            0000006E
RET_250us                         00000136
RET_33ms                          000000BE
RET_500ms                         00000082
RET_500us                         00000122
RET_50ms                          000000AA
RET_5ms                           0000010E
RET_SERVO                         0000005A
RI                                00000004
RSEN                              00000001
RX                                00000007
RX9                               00000006
RX9D                              00000000
RXDTP                             00000005
R_NOT_W                           00000002
R_W                               00000002
S                                 00000003
SBOREN                            00000006
SCK                               00000003
SCKP                              00000004
SCL                               00000003
SCS0                              00000000
MPASM 5.84                NEWASMTEMPLATE.ASM   1-11-2023  12:17:47         PAGE 17


SYMBOL TABLE
  LABEL                             VALUE 

SCS1                              00000001
SDA                               00000004
SDI                               00000004
SDO                               00000005
SEN                               00000000
SENDB                             00000003
SMP                               00000007
SP0                               00000000
SP1                               00000001
SP2                               00000002
SP3                               00000003
SP4                               00000004
SPBRG                             00000FAF
SPBRGH                            00000FB0
SPEN                              00000007
SREN                              00000005
SS                                00000005
SSPADD                            00000FC8
SSPBUF                            00000FC9
SSPCON1                           00000FC6
SSPCON2                           00000FC5
SSPEN                             00000005
SSPIE                             00000003
SSPIF                             00000003
SSPIP                             00000003
SSPM0                             00000000
SSPM1                             00000001
SSPM2                             00000002
SSPM3                             00000003
SSPOV                             00000006
SSPSTAT                           00000FC7
STATUS                            00000FD8
STEP_X                            LATC,5
STKFUL                            00000007
STKOVF                            00000007
STKPTR                            00000FFC
STKUNF                            00000006
SWDTE                             00000000
SWDTEN                            00000000
SYNC                              00000004
T016BIT                           00000006
T08BIT                            00000006
T0CKI                             00000004
T0CON                             00000FD5
T0CS                              00000005
T0IE                              00000005
T0IF                              00000002
T0PS0                             00000000
T0PS1                             00000001
T0PS2                             00000002
T0PS3                             00000003
T0SE                              00000004
T13CKI                            00000000
MPASM 5.84                NEWASMTEMPLATE.ASM   1-11-2023  12:17:47         PAGE 18


SYMBOL TABLE
  LABEL                             VALUE 

T1CKI                             00000000
T1CKPS0                           00000004
T1CKPS1                           00000005
T1CON                             00000FCD
T1OSCEN                           00000003
T1OSI                             00000001
T1OSO                             00000000
T1RUN                             00000006
T1SYNC                            00000002
T2CKPS0                           00000000
T2CKPS1                           00000001
T2CON                             00000FCA
T2OUTPS0                          00000003
T2OUTPS1                          00000004
T2OUTPS2                          00000005
T2OUTPS3                          00000006
T3CCP1                            00000003
T3CCP2                            00000006
T3CKPS0                           00000004
T3CKPS1                           00000005
T3CON                             00000FB1
T3SYNC                            00000002
TABLAT                            00000FF5
TBLPTR                            00000FF6
TBLPTRH                           00000FF7
TBLPTRL                           00000FF6
TBLPTRU                           00000FF8
TMR0                              00000FD6
TMR0H                             00000FD7
TMR0IE                            00000005
TMR0IF                            00000002
TMR0IP                            00000002
TMR0L                             00000FD6
TMR0ON                            00000007
TMR1                              00000FCE
TMR1CS                            00000001
TMR1H                             00000FCF
TMR1IE                            00000000
TMR1IF                            00000000
TMR1IP                            00000000
TMR1L                             00000FCE
TMR1ON                            00000000
TMR2                              00000FCC
TMR2IE                            00000001
TMR2IF                            00000001
TMR2IP                            00000001
TMR2ON                            00000002
TMR3                              00000FB2
TMR3CS                            00000001
TMR3H                             00000FB3
TMR3IE                            00000001
TMR3IF                            00000001
TMR3IP                            00000001
MPASM 5.84                NEWASMTEMPLATE.ASM   1-11-2023  12:17:47         PAGE 19


SYMBOL TABLE
  LABEL                             VALUE 

TMR3L                             00000FB2
TMR3ON                            00000000
TO                                00000003
TOS                               00000FFD
TOSH                              00000FFE
TOSL                              00000FFD
TOSU                              00000FFF
TOUTPS0                           00000003
TOUTPS1                           00000004
TOUTPS2                           00000005
TOUTPS3                           00000006
TRISA                             00000F92
TRISA0                            00000000
TRISA1                            00000001
TRISA2                            00000002
TRISA3                            00000003
TRISA4                            00000004
TRISA5                            00000005
TRISA6                            00000006
TRISA7                            00000007
TRISB                             00000F93
TRISB0                            00000000
TRISB1                            00000001
TRISB2                            00000002
TRISB3                            00000003
TRISB4                            00000004
TRISB5                            00000005
TRISB6                            00000006
TRISB7                            00000007
TRISC                             00000F94
TRISC0                            00000000
TRISC1                            00000001
TRISC2                            00000002
TRISC3                            00000003
TRISC4                            00000004
TRISC5                            00000005
TRISC6                            00000006
TRISC7                            00000007
TRISD                             00000F95
TRISD0                            00000000
TRISD1                            00000001
TRISD2                            00000002
TRISD3                            00000003
TRISD4                            00000004
TRISD5                            00000005
TRISD6                            00000006
TRISD7                            00000007
TRISE                             00000F96
TRISE0                            00000000
TRISE1                            00000001
TRISE2                            00000002
TRMT                              00000001
TUN0                              00000000
MPASM 5.84                NEWASMTEMPLATE.ASM   1-11-2023  12:17:47         PAGE 20


SYMBOL TABLE
  LABEL                             VALUE 

TUN1                              00000001
TUN2                              00000002
TUN3                              00000003
TUN4                              00000004
TX                                00000006
TX9                               00000006
TX9D                              00000000
TXCKP                             00000004
TXEN                              00000005
TXIE                              00000004
TXIF                              00000004
TXIP                              00000004
TXREG                             00000FAD
TXSTA                             00000FAC
UA                                00000001
VCFG0                             00000004
VCFG1                             00000005
VDIRMAG                           00000007
VPP                               00000003
VREFN                             00000002
VREFP                             00000003
W                                 00000000
WCOL                              00000007
WDTCON                            00000FD1
WR                                00000001
WREG                              00000FE8
WREN                              00000002
WRERR                             00000003
WUE                               00000001
Z                                 00000002
_BOREN_NOSLP_2L                   000000FD
_BOREN_OFF_2L                     000000F9
_BOREN_ON_2L                      000000FB
_BOREN_SBORDIS_2L                 000000FF
_BORV_0_2L                        000000E7
_BORV_1_2L                        000000EF
_BORV_2_2L                        000000F7
_BORV_3_2L                        000000FF
_CCP2MX_PORTBE_3H                 000000FE
_CCP2MX_PORTC_3H                  000000FF
_CONFIG1H                         00300001
_CONFIG2H                         00300003
_CONFIG2L                         00300002
_CONFIG3H                         00300005
_CONFIG4L                         00300006
_CONFIG5H                         00300009
_CONFIG5L                         00300008
_CONFIG6H                         0030000B
_CONFIG6L                         0030000A
_CONFIG7H                         0030000D
_CONFIG7L                         0030000C
_CP0_OFF_5L                       000000FF
_CP0_ON_5L                        000000FE
MPASM 5.84                NEWASMTEMPLATE.ASM   1-11-2023  12:17:47         PAGE 21


SYMBOL TABLE
  LABEL                             VALUE 

_CP1_OFF_5L                       000000FF
_CP1_ON_5L                        000000FD
_CP2_OFF_5L                       000000FF
_CP2_ON_5L                        000000FB
_CP3_OFF_5L                       000000FF
_CP3_ON_5L                        000000F7
_CPB_OFF_5H                       000000FF
_CPB_ON_5H                        000000BF
_CPD_OFF_5H                       000000FF
_CPD_ON_5H                        0000007F
_DEBUG_OFF_4L                     000000FF
_DEBUG_ON_4L                      0000007F
_DEVID1                           003FFFFE
_DEVID2                           003FFFFF
_EBTR0_OFF_7L                     000000FF
_EBTR0_ON_7L                      000000FE
_EBTR1_OFF_7L                     000000FF
_EBTR1_ON_7L                      000000FD
_EBTR2_OFF_7L                     000000FF
_EBTR2_ON_7L                      000000FB
_EBTR3_OFF_7L                     000000FF
_EBTR3_ON_7L                      000000F7
_EBTRB_OFF_7H                     000000FF
_EBTRB_ON_7H                      000000BF
_FCMEN_OFF_1H                     000000BF
_FCMEN_ON_1H                      000000FF
_IDLOC0                           00200000
_IDLOC1                           00200001
_IDLOC2                           00200002
_IDLOC3                           00200003
_IDLOC4                           00200004
_IDLOC5                           00200005
_IDLOC6                           00200006
_IDLOC7                           00200007
_IESO_OFF_1H                      0000007F
_IESO_ON_1H                       000000FF
_LPT1OSC_OFF_3H                   000000FB
_LPT1OSC_ON_3H                    000000FF
_LVP_OFF_4L                       000000FB
_LVP_ON_4L                        000000FF
_MCLRE_OFF_3H                     0000007F
_MCLRE_ON_3H                      000000FF
_OSC_ECIO6_1H                     000000F5
_OSC_EC_1H                        000000F4
_OSC_HSPLL_1H                     000000F6
_OSC_HS_1H                        000000F2
_OSC_INTIO67_1H                   000000F8
_OSC_INTIO7_1H                    000000F9
_OSC_LP_1H                        000000F0
_OSC_RCIO6_1H                     000000F7
_OSC_RC_1H                        000000F3
_OSC_XT_1H                        000000F1
_PBADEN_OFF_3H                    000000FD
MPASM 5.84                NEWASMTEMPLATE.ASM   1-11-2023  12:17:47         PAGE 22


SYMBOL TABLE
  LABEL                             VALUE 

_PBADEN_ON_3H                     000000FF
_PWRT_OFF_2L                      000000FF
_PWRT_ON_2L                       000000FE
_STVREN_OFF_4L                    000000FE
_STVREN_ON_4L                     000000FF
_WDTPS_1024_2H                    000000F5
_WDTPS_128_2H                     000000EF
_WDTPS_16384_2H                   000000FD
_WDTPS_16_2H                      000000E9
_WDTPS_1_2H                       000000E1
_WDTPS_2048_2H                    000000F7
_WDTPS_256_2H                     000000F1
_WDTPS_2_2H                       000000E3
_WDTPS_32768_2H                   000000FF
_WDTPS_32_2H                      000000EB
_WDTPS_4096_2H                    000000F9
_WDTPS_4_2H                       000000E5
_WDTPS_512_2H                     000000F3
_WDTPS_64_2H                      000000ED
_WDTPS_8192_2H                    000000FB
_WDTPS_8_2H                       000000E7
_WDT_OFF_2H                       000000FE
_WDT_ON_2H                        000000FF
_WRT0_OFF_6L                      000000FF
_WRT0_ON_6L                       000000FE
_WRT1_OFF_6L                      000000FF
_WRT1_ON_6L                       000000FD
_WRT2_OFF_6L                      000000FF
_WRT2_ON_6L                       000000FB
_WRT3_OFF_6L                      000000FF
_WRT3_ON_6L                       000000F7
_WRTB_OFF_6H                      000000FF
_WRTB_ON_6H                       000000BF
_WRTC_OFF_6H                      000000FF
_WRTC_ON_6H                       000000DF
_WRTD_OFF_6H                      000000FF
_WRTD_ON_6H                       0000007F
_XINST_OFF_4L                     000000BF
_XINST_ON_4L                      000000FF
__18F4520                         00000001
__DEBUG                           

Errors   :     0
Warnings :     0 reported,     0 suppressed
Messages :     0 reported,     0 suppressed

