Warning[203] C:\USERS\LIN\MPLABXPROJECTS\HW3.X\HW3-1.ASM 7 : Found opcode in column 1. (MOVLW)
Warning[203] C:\USERS\LIN\MPLABXPROJECTS\HW3.X\HW3-1.ASM 8 : Found opcode in column 1. (MOVWF)
Warning[203] C:\USERS\LIN\MPLABXPROJECTS\HW3.X\HW3-1.ASM 9 : Found opcode in column 1. (MOVLW)
Warning[203] C:\USERS\LIN\MPLABXPROJECTS\HW3.X\HW3-1.ASM 10 : Found opcode in column 1. (MOVWF)
Warning[203] C:\USERS\LIN\MPLABXPROJECTS\HW3.X\HW3-1.ASM 11 : Found opcode in column 1. (MOVLW)
Warning[203] C:\USERS\LIN\MPLABXPROJECTS\HW3.X\HW3-1.ASM 12 : Found opcode in column 1. (MOVWF)
Warning[203] C:\USERS\LIN\MPLABXPROJECTS\HW3.X\HW3-1.ASM 13 : Found opcode in column 1. (MOVLW)
Warning[203] C:\USERS\LIN\MPLABXPROJECTS\HW3.X\HW3-1.ASM 14 : Found opcode in column 1. (MOVWF)
Warning[203] C:\USERS\LIN\MPLABXPROJECTS\HW3.X\HW3-1.ASM 15 : Found opcode in column 1. (MOVLW)
Warning[203] C:\USERS\LIN\MPLABXPROJECTS\HW3.X\HW3-1.ASM 16 : Found opcode in column 1. (MOVWF)
Warning[203] C:\USERS\LIN\MPLABXPROJECTS\HW3.X\HW3-1.ASM 17 : Found opcode in column 1. (MOVLW)
Warning[203] C:\USERS\LIN\MPLABXPROJECTS\HW3.X\HW3-1.ASM 18 : Found opcode in column 1. (MOVWF)
Warning[203] C:\USERS\LIN\MPLABXPROJECTS\HW3.X\HW3-1.ASM 19 : Found opcode in column 1. (MOVLW)
Warning[203] C:\USERS\LIN\MPLABXPROJECTS\HW3.X\HW3-1.ASM 20 : Found opcode in column 1. (MOVWF)
Warning[203] C:\USERS\LIN\MPLABXPROJECTS\HW3.X\HW3-1.ASM 21 : Found opcode in column 1. (MOVLW)
Warning[203] C:\USERS\LIN\MPLABXPROJECTS\HW3.X\HW3-1.ASM 22 : Found opcode in column 1. (MOVWF)
Warning[203] C:\USERS\LIN\MPLABXPROJECTS\HW3.X\HW3-1.ASM 23 : Found opcode in column 1. (MOVLW)
Warning[203] C:\USERS\LIN\MPLABXPROJECTS\HW3.X\HW3-1.ASM 24 : Found opcode in column 1. (MOVWF)
Warning[203] C:\USERS\LIN\MPLABXPROJECTS\HW3.X\HW3-1.ASM 25 : Found opcode in column 1. (LFSR)
Warning[203] C:\USERS\LIN\MPLABXPROJECTS\HW3.X\HW3-1.ASM 26 : Found opcode in column 1. (LFSR)
Warning[203] C:\USERS\LIN\MPLABXPROJECTS\HW3.X\HW3-1.ASM 27 : Found opcode in column 1. (LFSR)
Warning[207] C:\USERS\LIN\MPLABXPROJECTS\HW3.X\HW3-1.ASM 40 : Found label after column 1. (finish)
Warning[205] C:\USERS\LIN\MPLABXPROJECTS\HW3.X\HW3-1.ASM 46 : Found directive in column 1. (end)
