Warning[203] C:\USERS\LIN\MPLABXPROJECTS\HW3.X\HW3-3.ASM 7 : Found opcode in column 1. (MOVLW)
Warning[203] C:\USERS\LIN\MPLABXPROJECTS\HW3.X\HW3-3.ASM 8 : Found opcode in column 1. (MOVWF)
Warning[203] C:\USERS\LIN\MPLABXPROJECTS\HW3.X\HW3-3.ASM 9 : Found opcode in column 1. (MOVLW)
Warning[203] C:\USERS\LIN\MPLABXPROJECTS\HW3.X\HW3-3.ASM 10 : Found opcode in column 1. (MOVWF)
Warning[203] C:\USERS\LIN\MPLABXPROJECTS\HW3.X\HW3-3.ASM 13 : Found opcode in column 1. (MULWF)
Warning[203] C:\USERS\LIN\MPLABXPROJECTS\HW3.X\HW3-3.ASM 14 : Found opcode in column 1. (MOVFF)
Warning[203] C:\USERS\LIN\MPLABXPROJECTS\HW3.X\HW3-3.ASM 15 : Found opcode in column 1. (MOVFF)
Warning[203] C:\USERS\LIN\MPLABXPROJECTS\HW3.X\HW3-3.ASM 17 : Found opcode in column 1. (MOVLW)
Warning[203] C:\USERS\LIN\MPLABXPROJECTS\HW3.X\HW3-3.ASM 18 : Found opcode in column 1. (CPFSLT)
Warning[203] C:\USERS\LIN\MPLABXPROJECTS\HW3.X\HW3-3.ASM 19 : Found opcode in column 1. (INCF)
Warning[203] C:\USERS\LIN\MPLABXPROJECTS\HW3.X\HW3-3.ASM 21 : Found opcode in column 1. (MOVLW)
Warning[203] C:\USERS\LIN\MPLABXPROJECTS\HW3.X\HW3-3.ASM 22 : Found opcode in column 1. (CPFSLT)
Warning[203] C:\USERS\LIN\MPLABXPROJECTS\HW3.X\HW3-3.ASM 23 : Found opcode in column 1. (INCF)
Warning[203] C:\USERS\LIN\MPLABXPROJECTS\HW3.X\HW3-3.ASM 25 : Found opcode in column 1. (MOVFF)
Warning[203] C:\USERS\LIN\MPLABXPROJECTS\HW3.X\HW3-3.ASM 26 : Found opcode in column 1. (CPFSGT)
Warning[203] C:\USERS\LIN\MPLABXPROJECTS\HW3.X\HW3-3.ASM 27 : Found opcode in column 1. (GOTO)
Warning[203] C:\USERS\LIN\MPLABXPROJECTS\HW3.X\HW3-3.ASM 28 : Found opcode in column 1. (MOVFF)
Warning[203] C:\USERS\LIN\MPLABXPROJECTS\HW3.X\HW3-3.ASM 29 : Found opcode in column 1. (MOVFF)
Warning[203] C:\USERS\LIN\MPLABXPROJECTS\HW3.X\HW3-3.ASM 30 : Found opcode in column 1. (MOVFF)
Warning[207] C:\USERS\LIN\MPLABXPROJECTS\HW3.X\HW3-3.ASM 39 : Found label after column 1. (ii)
Warning[207] C:\USERS\LIN\MPLABXPROJECTS\HW3.X\HW3-3.ASM 48 : Found label after column 1. (iii)
Warning[203] C:\USERS\LIN\MPLABXPROJECTS\HW3.X\HW3-3.ASM 59 : Found opcode in column 1. (BCF)
Warning[207] C:\USERS\LIN\MPLABXPROJECTS\HW3.X\HW3-3.ASM 71 : Found label after column 1. (loop2)
Warning[207] C:\USERS\LIN\MPLABXPROJECTS\HW3.X\HW3-3.ASM 77 : Found label after column 1. (negative0x10)
Warning[207] C:\USERS\LIN\MPLABXPROJECTS\HW3.X\HW3-3.ASM 103 : Found label after column 1. (for)
Warning[207] C:\USERS\LIN\MPLABXPROJECTS\HW3.X\HW3-3.ASM 111 : Found label after column 1. (zero14)
Warning[207] C:\USERS\LIN\MPLABXPROJECTS\HW3.X\HW3-3.ASM 116 : Found label after column 1. (one14)
Warning[207] C:\USERS\LIN\MPLABXPROJECTS\HW3.X\HW3-3.ASM 119 : Found label after column 1. (positive0x31)
Warning[207] C:\USERS\LIN\MPLABXPROJECTS\HW3.X\HW3-3.ASM 130 : Found label after column 1. (next)
Warning[207] C:\USERS\LIN\MPLABXPROJECTS\HW3.X\HW3-3.ASM 137 : Found label after column 1. (neg0x30)
Warning[207] C:\USERS\LIN\MPLABXPROJECTS\HW3.X\HW3-3.ASM 141 : Found label after column 1. (finish)
Warning[205] C:\USERS\LIN\MPLABXPROJECTS\HW3.X\HW3-3.ASM 149 : Found directive in column 1. (end)
