MPASM 5.84                         HW6-3.ASM   9-26-2024  1:23:07         PAGE  1


LOC  OBJECT CODE     LINE SOURCE TEXT
  VALUE

Warning[205]: Found directive in column 1. (LIST)
                      00001 LIST p=18f4520
                      00002     #include<p18f4520.inc>
                      00001         LIST
                      00002 
                      00003 ;==========================================================================
                      00004 ; Build date : Mar 17 2019
                      00005 ;  MPASM PIC18F4520 processor include
                      00006 ; 
                      00007 ;  (c) Copyright 1999-2019 Microchip Technology, All rights reserved
                      00008 ;==========================================================================
                      00009 
                      01489         LIST
                      00003         CONFIG OSC = INTIO67 ; 1 MHZ
                      00004         CONFIG WDT = OFF
                      00005         CONFIG LVP = OFF
                      00006         
Warning[207]: Found label after column 1. (L1)
  00000014            00007         L1      EQU 0x14
Warning[207]: Found label after column 1. (L2)
  00000015            00008         L2      EQU 0x15
                      00009         org 0x00
                      00010         
                      00011 ; Total 2 + (2 + 7 * num1 + 2) * num2 cycles = C
                      00012 ; num1 = 200, num2 = 180, C = 252360
                      00013 ; Total delay ~= C/1M = 0.25s
                      00014 DELAY macro num1, num2 
                      00015     local LOOP1 
                      00016     local LOOP2
                      00017     MOVLW num2
                      00018     MOVWF L2
                      00019     LOOP2:
                      00020         MOVLW num1
                      00021         MOVWF L1
                      00022     LOOP1:
                      00023         NOP
                      00024         NOP
                      00025         NOP
                      00026         NOP
                      00027         NOP
                      00028         NOP
                      00029         DECFSZ L1, 1
                      00030         BRA LOOP1
                      00031         DECFSZ L2, 1
                      00032         BRA LOOP2
Warning[205]: Found directive in column 1. (endm)
                      00033 endm
000000                00034 start:
000000                00035 int:
                      00036 ; let pin can receive digital signal 
Warning[203]: Found opcode in column 1. (MOVLW)
000000 0E0F           00037 MOVLW 0x0f
Warning[203]: Found opcode in column 1. (MOVWF)
MPASM 5.84                         HW6-3.ASM   9-26-2024  1:23:07         PAGE  2


LOC  OBJECT CODE     LINE SOURCE TEXT
  VALUE

000002 6EC1           00038 MOVWF ADCON1   
Warning[203]: Found opcode in column 1. (CLRF)
000004 6A81           00039 CLRF PORTB
Warning[203]: Found opcode in column 1. (BSF)
000006 8093           00040 BSF TRISB, 0;input
Warning[203]: Found opcode in column 1. (CLRF)
000008 6A89           00041 CLRF LATA
Warning[203]: Found opcode in column 1. (BCF)
00000A 9092           00042 BCF TRISA, 0;output
Warning[203]: Found opcode in column 1. (BCF)
00000C 9292           00043 BCF TRISA, 1;output
Warning[203]: Found opcode in column 1. (BCF)
00000E 9492           00044 BCF TRISA, 2;output  
Warning[203]: Found opcode in column 1. (BCF)
000010 9692           00045 BCF TRISA, 3;output   
000012 6A03           00046  CLRF 0x03   
                      00047     
000014                00048 check_process:
000014 B081           00049    BTFSC PORTB, 0
000016 EF?? F???      00050    GOTO check_process
                      00051    
                      00052 
Warning[207]: Found label after column 1. (open1)
00001A                00053    open1:
00001A 0E00           00054    MOVLW 0x00
00001C 6203           00055    CPFSEQ 0x03
00001E EF?? F???      00056    GOTO open2
000022 7089           00057      BTG LATA, 0
000024 7289           00058      BTG LATA, 1
                      00059      DELAY d'283', d'255'
  0000                    M     local LOOP1 
  0000                    M     local LOOP2
000026 0EFF               M     MOVLW d'255'
000028 6E15               M     MOVWF L2
Warning[207]: Found label after column 1. (LOOP2)
00002A                    M     LOOP2:
Warning[202]: Argument out of range.  Least significant bits used.
00002A 0E1B               M         MOVLW d'283'
00002C 6E14               M         MOVWF L1
Warning[207]: Found label after column 1. (LOOP1)
00002E                    M     LOOP1:
00002E 0000               M         NOP
000030 0000               M         NOP
000032 0000               M         NOP
000034 0000               M         NOP
000036 0000               M         NOP
000038 0000               M         NOP
00003A 2E14               M         DECFSZ L1, 1
00003C D???               M         BRA LOOP1
00003E 2E15               M         DECFSZ L2, 1
000040 D???               M         BRA LOOP2
000042 6A89           00060      CLRF LATA
000044 7289           00061      BTG LATA, 1
MPASM 5.84                         HW6-3.ASM   9-26-2024  1:23:07         PAGE  3


LOC  OBJECT CODE     LINE SOURCE TEXT
  VALUE

000046 7489           00062      BTG LATA, 2
                      00063      DELAY d'283', d'255'
  0000                    M     local LOOP1 
  0000                    M     local LOOP2
000048 0EFF               M     MOVLW d'255'
00004A 6E15               M     MOVWF L2
Warning[207]: Found label after column 1. (LOOP2)
00004C                    M     LOOP2:
Warning[202]: Argument out of range.  Least significant bits used.
00004C 0E1B               M         MOVLW d'283'
00004E 6E14               M         MOVWF L1
Warning[207]: Found label after column 1. (LOOP1)
000050                    M     LOOP1:
000050 0000               M         NOP
000052 0000               M         NOP
000054 0000               M         NOP
000056 0000               M         NOP
000058 0000               M         NOP
00005A 0000               M         NOP
00005C 2E14               M         DECFSZ L1, 1
00005E D???               M         BRA LOOP1
000060 2E15               M         DECFSZ L2, 1
000062 D???               M         BRA LOOP2
000064 6A89           00064      CLRF LATA
000066 7489           00065      BTG LATA, 2
000068 7689           00066      BTG LATA, 3
                      00067      DELAY d'283', d'255'
  0000                    M     local LOOP1 
  0000                    M     local LOOP2
00006A 0EFF               M     MOVLW d'255'
00006C 6E15               M     MOVWF L2
Warning[207]: Found label after column 1. (LOOP2)
00006E                    M     LOOP2:
Warning[202]: Argument out of range.  Least significant bits used.
00006E 0E1B               M         MOVLW d'283'
000070 6E14               M         MOVWF L1
Warning[207]: Found label after column 1. (LOOP1)
000072                    M     LOOP1:
000072 0000               M         NOP
000074 0000               M         NOP
000076 0000               M         NOP
000078 0000               M         NOP
00007A 0000               M         NOP
00007C 0000               M         NOP
00007E 2E14               M         DECFSZ L1, 1
000080 D???               M         BRA LOOP1
000082 2E15               M         DECFSZ L2, 1
000084 D???               M         BRA LOOP2
000086 6A89           00068      CLRF LATA
000088 7089           00069      BTG LATA, 0
00008A 7689           00070      BTG LATA, 3
                      00071      DELAY d'283', d'255'
  0000                    M     local LOOP1 
MPASM 5.84                         HW6-3.ASM   9-26-2024  1:23:07         PAGE  4


LOC  OBJECT CODE     LINE SOURCE TEXT
  VALUE

  0000                    M     local LOOP2
00008C 0EFF               M     MOVLW d'255'
00008E 6E15               M     MOVWF L2
Warning[207]: Found label after column 1. (LOOP2)
000090                    M     LOOP2:
Warning[202]: Argument out of range.  Least significant bits used.
000090 0E1B               M         MOVLW d'283'
000092 6E14               M         MOVWF L1
Warning[207]: Found label after column 1. (LOOP1)
000094                    M     LOOP1:
000094 0000               M         NOP
000096 0000               M         NOP
000098 0000               M         NOP
00009A 0000               M         NOP
00009C 0000               M         NOP
00009E 0000               M         NOP
0000A0 2E14               M         DECFSZ L1, 1
0000A2 D???               M         BRA LOOP1
0000A4 2E15               M         DECFSZ L2, 1
0000A6 D???               M         BRA LOOP2
0000A8 6A89           00072      CLRF LATA
0000AA 2A03           00073      INCF 0x03
0000AC EF?? F???      00074      GOTO check_process
                      00075       
Warning[207]: Found label after column 1. (open2)
0000B0                00076    open2:
0000B0 0E01           00077        MOVLW 0x01
0000B2 6203           00078    CPFSEQ 0x03
0000B4 EF?? F???      00079    GOTO open3
0000B8 7289           00080     BTG LATA, 1
0000BA 7489           00081      BTG LATA, 2
                      00082      DELAY d'283', d'255'
  0000                    M     local LOOP1 
  0000                    M     local LOOP2
0000BC 0EFF               M     MOVLW d'255'
0000BE 6E15               M     MOVWF L2
Warning[207]: Found label after column 1. (LOOP2)
0000C0                    M     LOOP2:
Warning[202]: Argument out of range.  Least significant bits used.
0000C0 0E1B               M         MOVLW d'283'
0000C2 6E14               M         MOVWF L1
Warning[207]: Found label after column 1. (LOOP1)
0000C4                    M     LOOP1:
0000C4 0000               M         NOP
0000C6 0000               M         NOP
0000C8 0000               M         NOP
0000CA 0000               M         NOP
0000CC 0000               M         NOP
0000CE 0000               M         NOP
0000D0 2E14               M         DECFSZ L1, 1
0000D2 D???               M         BRA LOOP1
0000D4 2E15               M         DECFSZ L2, 1
0000D6 D???               M         BRA LOOP2
MPASM 5.84                         HW6-3.ASM   9-26-2024  1:23:07         PAGE  5


LOC  OBJECT CODE     LINE SOURCE TEXT
  VALUE

0000D8 6A89           00083      CLRF LATA
0000DA 7489           00084      BTG LATA, 2
0000DC 7689           00085      BTG LATA, 3
                      00086      DELAY d'283', d'255'
  0000                    M     local LOOP1 
  0000                    M     local LOOP2
0000DE 0EFF               M     MOVLW d'255'
0000E0 6E15               M     MOVWF L2
Warning[207]: Found label after column 1. (LOOP2)
0000E2                    M     LOOP2:
Warning[202]: Argument out of range.  Least significant bits used.
0000E2 0E1B               M         MOVLW d'283'
0000E4 6E14               M         MOVWF L1
Warning[207]: Found label after column 1. (LOOP1)
0000E6                    M     LOOP1:
0000E6 0000               M         NOP
0000E8 0000               M         NOP
0000EA 0000               M         NOP
0000EC 0000               M         NOP
0000EE 0000               M         NOP
0000F0 0000               M         NOP
0000F2 2E14               M         DECFSZ L1, 1
0000F4 D???               M         BRA LOOP1
0000F6 2E15               M         DECFSZ L2, 1
0000F8 D???               M         BRA LOOP2
0000FA 6A89           00087      CLRF LATA
0000FC 7089           00088      BTG LATA, 0
0000FE 7689           00089      BTG LATA, 3
                      00090      DELAY d'283', d'255'
  0000                    M     local LOOP1 
  0000                    M     local LOOP2
000100 0EFF               M     MOVLW d'255'
000102 6E15               M     MOVWF L2
Warning[207]: Found label after column 1. (LOOP2)
000104                    M     LOOP2:
Warning[202]: Argument out of range.  Least significant bits used.
000104 0E1B               M         MOVLW d'283'
000106 6E14               M         MOVWF L1
Warning[207]: Found label after column 1. (LOOP1)
000108                    M     LOOP1:
000108 0000               M         NOP
00010A 0000               M         NOP
00010C 0000               M         NOP
00010E 0000               M         NOP
000110 0000               M         NOP
000112 0000               M         NOP
000114 2E14               M         DECFSZ L1, 1
000116 D???               M         BRA LOOP1
000118 2E15               M         DECFSZ L2, 1
00011A D???               M         BRA LOOP2
00011C 6A89           00091      CLRF LATA
00011E 7089           00092      BTG LATA, 0
000120 7289           00093      BTG LATA, 1
MPASM 5.84                         HW6-3.ASM   9-26-2024  1:23:07         PAGE  6


LOC  OBJECT CODE     LINE SOURCE TEXT
  VALUE

                      00094      DELAY d'283', d'255'
  0000                    M     local LOOP1 
  0000                    M     local LOOP2
000122 0EFF               M     MOVLW d'255'
000124 6E15               M     MOVWF L2
Warning[207]: Found label after column 1. (LOOP2)
000126                    M     LOOP2:
Warning[202]: Argument out of range.  Least significant bits used.
000126 0E1B               M         MOVLW d'283'
000128 6E14               M         MOVWF L1
Warning[207]: Found label after column 1. (LOOP1)
00012A                    M     LOOP1:
00012A 0000               M         NOP
00012C 0000               M         NOP
00012E 0000               M         NOP
000130 0000               M         NOP
000132 0000               M         NOP
000134 0000               M         NOP
000136 2E14               M         DECFSZ L1, 1
000138 D???               M         BRA LOOP1
00013A 2E15               M         DECFSZ L2, 1
00013C D???               M         BRA LOOP2
00013E 6A89           00095      CLRF LATA
000140 2A03           00096      INCF 0x03
000142 EF?? F???      00097      GOTO check_process
                      00098       
Warning[207]: Found label after column 1. (open3)
000146                00099     open3:
000146 0E02           00100     MOVLW 0x02
000148 6203           00101    CPFSEQ 0x03
00014A EF?? F???      00102    GOTO open4
00014E 7489           00103     BTG LATA, 2
000150 7689           00104      BTG LATA, 3
                      00105      DELAY d'283', d'255'
  0000                    M     local LOOP1 
  0000                    M     local LOOP2
000152 0EFF               M     MOVLW d'255'
000154 6E15               M     MOVWF L2
Warning[207]: Found label after column 1. (LOOP2)
000156                    M     LOOP2:
Warning[202]: Argument out of range.  Least significant bits used.
000156 0E1B               M         MOVLW d'283'
000158 6E14               M         MOVWF L1
Warning[207]: Found label after column 1. (LOOP1)
00015A                    M     LOOP1:
00015A 0000               M         NOP
00015C 0000               M         NOP
00015E 0000               M         NOP
000160 0000               M         NOP
000162 0000               M         NOP
000164 0000               M         NOP
000166 2E14               M         DECFSZ L1, 1
000168 D???               M         BRA LOOP1
MPASM 5.84                         HW6-3.ASM   9-26-2024  1:23:07         PAGE  7


LOC  OBJECT CODE     LINE SOURCE TEXT
  VALUE

00016A 2E15               M         DECFSZ L2, 1
00016C D???               M         BRA LOOP2
00016E 6A89           00106      CLRF LATA
000170 7089           00107      BTG LATA, 0
000172 7689           00108      BTG LATA, 3
                      00109      DELAY d'283', d'255'
  0000                    M     local LOOP1 
  0000                    M     local LOOP2
000174 0EFF               M     MOVLW d'255'
000176 6E15               M     MOVWF L2
Warning[207]: Found label after column 1. (LOOP2)
000178                    M     LOOP2:
Warning[202]: Argument out of range.  Least significant bits used.
000178 0E1B               M         MOVLW d'283'
00017A 6E14               M         MOVWF L1
Warning[207]: Found label after column 1. (LOOP1)
00017C                    M     LOOP1:
00017C 0000               M         NOP
00017E 0000               M         NOP
000180 0000               M         NOP
000182 0000               M         NOP
000184 0000               M         NOP
000186 0000               M         NOP
000188 2E14               M         DECFSZ L1, 1
00018A D???               M         BRA LOOP1
00018C 2E15               M         DECFSZ L2, 1
00018E D???               M         BRA LOOP2
000190 6A89           00110      CLRF LATA
000192 7089           00111      BTG LATA, 0
000194 7289           00112      BTG LATA, 1
                      00113      DELAY d'283', d'255'
  0000                    M     local LOOP1 
  0000                    M     local LOOP2
000196 0EFF               M     MOVLW d'255'
000198 6E15               M     MOVWF L2
Warning[207]: Found label after column 1. (LOOP2)
00019A                    M     LOOP2:
Warning[202]: Argument out of range.  Least significant bits used.
00019A 0E1B               M         MOVLW d'283'
00019C 6E14               M         MOVWF L1
Warning[207]: Found label after column 1. (LOOP1)
00019E                    M     LOOP1:
00019E 0000               M         NOP
0001A0 0000               M         NOP
0001A2 0000               M         NOP
0001A4 0000               M         NOP
0001A6 0000               M         NOP
0001A8 0000               M         NOP
0001AA 2E14               M         DECFSZ L1, 1
0001AC D???               M         BRA LOOP1
0001AE 2E15               M         DECFSZ L2, 1
0001B0 D???               M         BRA LOOP2
0001B2 6A89           00114      CLRF LATA
MPASM 5.84                         HW6-3.ASM   9-26-2024  1:23:07         PAGE  8


LOC  OBJECT CODE     LINE SOURCE TEXT
  VALUE

0001B4 7289           00115      BTG LATA, 1
0001B6 7489           00116      BTG LATA, 2
                      00117      DELAY d'283', d'255'
  0000                    M     local LOOP1 
  0000                    M     local LOOP2
0001B8 0EFF               M     MOVLW d'255'
0001BA 6E15               M     MOVWF L2
Warning[207]: Found label after column 1. (LOOP2)
0001BC                    M     LOOP2:
Warning[202]: Argument out of range.  Least significant bits used.
0001BC 0E1B               M         MOVLW d'283'
0001BE 6E14               M         MOVWF L1
Warning[207]: Found label after column 1. (LOOP1)
0001C0                    M     LOOP1:
0001C0 0000               M         NOP
0001C2 0000               M         NOP
0001C4 0000               M         NOP
0001C6 0000               M         NOP
0001C8 0000               M         NOP
0001CA 0000               M         NOP
0001CC 2E14               M         DECFSZ L1, 1
0001CE D???               M         BRA LOOP1
0001D0 2E15               M         DECFSZ L2, 1
0001D2 D???               M         BRA LOOP2
0001D4 6A89           00118      CLRF LATA
0001D6 2A03           00119      INCF 0x03
0001D8 EF?? F???      00120      GOTO check_process
                      00121       
Warning[207]: Found label after column 1. (open4)
0001DC                00122       open4:
0001DC 7089           00123     BTG LATA, 0
0001DE 7689           00124      BTG LATA, 3
                      00125      DELAY d'283', d'255'
  0000                    M     local LOOP1 
  0000                    M     local LOOP2
0001E0 0EFF               M     MOVLW d'255'
0001E2 6E15               M     MOVWF L2
Warning[207]: Found label after column 1. (LOOP2)
0001E4                    M     LOOP2:
Warning[202]: Argument out of range.  Least significant bits used.
0001E4 0E1B               M         MOVLW d'283'
0001E6 6E14               M         MOVWF L1
Warning[207]: Found label after column 1. (LOOP1)
0001E8                    M     LOOP1:
0001E8 0000               M         NOP
0001EA 0000               M         NOP
0001EC 0000               M         NOP
0001EE 0000               M         NOP
0001F0 0000               M         NOP
0001F2 0000               M         NOP
0001F4 2E14               M         DECFSZ L1, 1
0001F6 D???               M         BRA LOOP1
0001F8 2E15               M         DECFSZ L2, 1
MPASM 5.84                         HW6-3.ASM   9-26-2024  1:23:07         PAGE  9


LOC  OBJECT CODE     LINE SOURCE TEXT
  VALUE

0001FA D???               M         BRA LOOP2
0001FC 6A89           00126      CLRF LATA
0001FE 7089           00127      BTG LATA, 0
000200 7289           00128      BTG LATA, 1
                      00129      DELAY d'283', d'255'
  0000                    M     local LOOP1 
  0000                    M     local LOOP2
000202 0EFF               M     MOVLW d'255'
000204 6E15               M     MOVWF L2
Warning[207]: Found label after column 1. (LOOP2)
000206                    M     LOOP2:
Warning[202]: Argument out of range.  Least significant bits used.
000206 0E1B               M         MOVLW d'283'
000208 6E14               M         MOVWF L1
Warning[207]: Found label after column 1. (LOOP1)
00020A                    M     LOOP1:
00020A 0000               M         NOP
00020C 0000               M         NOP
00020E 0000               M         NOP
000210 0000               M         NOP
000212 0000               M         NOP
000214 0000               M         NOP
000216 2E14               M         DECFSZ L1, 1
000218 D???               M         BRA LOOP1
00021A 2E15               M         DECFSZ L2, 1
00021C D???               M         BRA LOOP2
00021E 6A89           00130      CLRF LATA
000220 7289           00131      BTG LATA, 1
000222 7489           00132      BTG LATA, 2
                      00133      DELAY d'283', d'255'
  0000                    M     local LOOP1 
  0000                    M     local LOOP2
000224 0EFF               M     MOVLW d'255'
000226 6E15               M     MOVWF L2
Warning[207]: Found label after column 1. (LOOP2)
000228                    M     LOOP2:
Warning[202]: Argument out of range.  Least significant bits used.
000228 0E1B               M         MOVLW d'283'
00022A 6E14               M         MOVWF L1
Warning[207]: Found label after column 1. (LOOP1)
00022C                    M     LOOP1:
00022C 0000               M         NOP
00022E 0000               M         NOP
000230 0000               M         NOP
000232 0000               M         NOP
000234 0000               M         NOP
000236 0000               M         NOP
000238 2E14               M         DECFSZ L1, 1
00023A D???               M         BRA LOOP1
00023C 2E15               M         DECFSZ L2, 1
00023E D???               M         BRA LOOP2
000240 6A89           00134      CLRF LATA
000242 7489           00135      BTG LATA, 2
MPASM 5.84                         HW6-3.ASM   9-26-2024  1:23:07         PAGE 10


LOC  OBJECT CODE     LINE SOURCE TEXT
  VALUE

000244 7689           00136      BTG LATA, 3
                      00137      DELAY d'283', d'255'
  0000                    M     local LOOP1 
  0000                    M     local LOOP2
000246 0EFF               M     MOVLW d'255'
000248 6E15               M     MOVWF L2
Warning[207]: Found label after column 1. (LOOP2)
00024A                    M     LOOP2:
Warning[202]: Argument out of range.  Least significant bits used.
00024A 0E1B               M         MOVLW d'283'
00024C 6E14               M         MOVWF L1
Warning[207]: Found label after column 1. (LOOP1)
00024E                    M     LOOP1:
00024E 0000               M         NOP
000250 0000               M         NOP
000252 0000               M         NOP
000254 0000               M         NOP
000256 0000               M         NOP
000258 0000               M         NOP
00025A 2E14               M         DECFSZ L1, 1
00025C D???               M         BRA LOOP1
00025E 2E15               M         DECFSZ L2, 1
000260 D???               M         BRA LOOP2
000262 6A89           00138      CLRF LATA
000264 6A03           00139      CLRF 0x03
000266 EF?? F???      00140      GOTO check_process
Warning[205]: Found directive in column 1. (end)
                      00141 end
MPASM 5.84                         HW6-3.ASM   9-26-2024  1:23:07         PAGE 11


SYMBOL TABLE
  LABEL                             VALUE 

A                                 00000000
ABDEN                             00000000
ABDOVF                            00000007
ACCESS                            00000000
ACKDT                             00000005
ACKEN                             00000004
ACKSTAT                           00000006
ACQT0                             00000003
ACQT1                             00000004
ACQT2                             00000005
ADCON0                            00000FC2
ADCON1                            00000FC1
ADCON2                            00000FC0
ADCS0                             00000000
ADCS1                             00000001
ADCS2                             00000002
ADDEN                             00000003
ADEN                              00000003
ADFM                              00000007
ADIE                              00000006
ADIF                              00000006
ADIP                              00000006
ADMSK1                            00000001
ADMSK2                            00000002
ADMSK3                            00000003
ADMSK4                            00000004
ADMSK5                            00000005
ADON                              00000000
ADRES                             00000FC3
ADRESH                            00000FC4
ADRESL                            00000FC3
AN0                               00000000
AN1                               00000001
AN10                              00000001
AN11                              00000004
AN12                              00000000
AN2                               00000002
AN3                               00000003
AN4                               00000005
AN5                               00000000
AN6                               00000001
AN7                               00000002
AN8                               00000002
AN9                               00000003
BANKED                            00000001
BAUDCON                           00000FB8
BAUDCTL                           00000FB8
BCLIE                             00000003
BCLIF                             00000003
BCLIP                             00000003
BF                                00000000
BGST                              00000005
BOR                               00000000
MPASM 5.84                         HW6-3.ASM   9-26-2024  1:23:07         PAGE 12


SYMBOL TABLE
  LABEL                             VALUE 

BRG16                             00000003
BRGH                              00000002
BSR                               00000FE0
C                                 00000000
C1INV                             00000004
C1OUT_CMCON                       00000006
C1OUT_PORTA                       00000004
C2INV                             00000005
C2OUT_CMCON                       00000007
C2OUT_PORTA                       00000005
CCP1                              00000002
CCP1CON                           00000FBD
CCP1IE                            00000002
CCP1IF                            00000002
CCP1IP                            00000002
CCP1M0                            00000000
CCP1M1                            00000001
CCP1M2                            00000002
CCP1M3                            00000003
CCP1X                             00000005
CCP1Y                             00000004
CCP2CON                           00000FBA
CCP2IE                            00000000
CCP2IF                            00000000
CCP2IP                            00000000
CCP2M0                            00000000
CCP2M1                            00000001
CCP2M2                            00000002
CCP2M3                            00000003
CCP2X                             00000005
CCP2Y                             00000004
CCP2_PORTB                        00000003
CCP2_PORTC                        00000001
CCPR1                             00000FBE
CCPR1H                            00000FBF
CCPR1L                            00000FBE
CCPR2                             00000FBB
CCPR2H                            00000FBC
CCPR2L                            00000FBB
CFGS                              00000006
CHS0                              00000002
CHS1                              00000003
CHS2                              00000004
CHS3                              00000005
CIS                               00000003
CK                                00000006
CKE                               00000006
CKP                               00000004
CLKI                              00000007
CLKO                              00000006
CM0                               00000000
CM1                               00000001
CM2                               00000002
MPASM 5.84                         HW6-3.ASM   9-26-2024  1:23:07         PAGE 13


SYMBOL TABLE
  LABEL                             VALUE 

CMCON                             00000FB4
CMIE                              00000006
CMIF                              00000006
CMIP                              00000006
CREN                              00000004
CS                                00000002
CSRC                              00000007
CVR0                              00000000
CVR1                              00000001
CVR2                              00000002
CVR3                              00000003
CVRCON                            00000FB5
CVREF                             00000002
CVREN                             00000007
CVROE                             00000006
CVRR                              00000005
CVRSS                             00000004
D                                 00000005
DC                                00000001
DC1B0                             00000004
DC1B1                             00000005
DC2B0                             00000004
DC2B1                             00000005
DDRA                              TRISA
DDRB                              TRISB
DDRC                              TRISC
DDRD                              TRISD
DDRE                              TRISE
DELAY                             
DONE                              00000001
D_A                               00000005
D_NOT_A                           00000005
ECCP1AS                           00000FB6
ECCP1DEL                          00000FB7
ECCPAS                            00000FB6
ECCPAS0                           00000004
ECCPAS1                           00000005
ECCPAS2                           00000006
ECCPASE                           00000007
EEADR                             00000FA9
EECON1                            00000FA6
EECON2                            00000FA7
EEDATA                            00000FA8
EEIE                              00000004
EEIF                              00000004
EEIP                              00000004
EEPGD                             00000007
FAST                              00000001
FERR                              00000002
FLT0                              00000000
FLTS                              00000002
FREE                              00000004
FSR0                              00000000
MPASM 5.84                         HW6-3.ASM   9-26-2024  1:23:07         PAGE 14


SYMBOL TABLE
  LABEL                             VALUE 

FSR0H                             00000FEA
FSR0L                             00000FE9
FSR1                              00000001
FSR1H                             00000FE2
FSR1L                             00000FE1
FSR2                              00000002
FSR2H                             00000FDA
FSR2L                             00000FD9
GCEN                              00000007
GIE                               00000007
GIEH                              00000007
GIEL                              00000006
GIE_GIEH                          00000007
GO                                00000001
GO_DONE                           00000001
GO_NOT_DONE                       00000001
HLVDCON                           00000FD2
HLVDEN                            00000004
HLVDIE                            00000002
HLVDIF                            00000002
HLVDIN                            00000005
HLVDIP                            00000002
HLVDL0                            00000000
HLVDL1                            00000001
HLVDL2                            00000002
HLVDL3                            00000003
IBF                               00000007
IBOV                              00000005
IDLEN                             00000007
INDF0                             00000FEF
INDF1                             00000FE7
INDF2                             00000FDF
INT0                              00000000
INT0E                             00000004
INT0F                             00000001
INT0IE                            00000004
INT0IF                            00000001
INT1                              00000001
INT1E                             00000003
INT1F                             00000000
INT1IE                            00000003
INT1IF                            00000000
INT1IP                            00000006
INT1P                             00000006
INT2                              00000002
INT2E                             00000004
INT2F                             00000001
INT2IE                            00000004
INT2IF                            00000001
INT2IP                            00000007
INT2P                             00000007
INTCON                            00000FF2
INTCON2                           00000FF1
MPASM 5.84                         HW6-3.ASM   9-26-2024  1:23:07         PAGE 15


SYMBOL TABLE
  LABEL                             VALUE 

INTCON3                           00000FF0
INTEDG0                           00000006
INTEDG1                           00000005
INTEDG2                           00000004
INTSRC                            00000007
IOFS                              00000002
IPEN                              00000007
IPR1                              00000F9F
IPR2                              00000FA2
IRCF0                             00000004
IRCF1                             00000005
IRCF2                             00000006
IRVST                             00000005
IVRST                             00000005
KBI0                              00000004
KBI1                              00000005
KBI2                              00000006
KBI3                              00000007
L1                                00000014
L2                                00000015
LATA                              00000F89
LATA0                             00000000
LATA1                             00000001
LATA2                             00000002
LATA3                             00000003
LATA4                             00000004
LATA5                             00000005
LATA6                             00000006
LATA7                             00000007
LATB                              00000F8A
LATB0                             00000000
LATB1                             00000001
LATB2                             00000002
LATB3                             00000003
LATB4                             00000004
LATB5                             00000005
LATB6                             00000006
LATB7                             00000007
LATC                              00000F8B
LATC0                             00000000
LATC1                             00000001
LATC2                             00000002
LATC3                             00000003
LATC4                             00000004
LATC5                             00000005
LATC6                             00000006
LATC7                             00000007
LATD                              00000F8C
LATD0                             00000000
LATD1                             00000001
LATD2                             00000002
LATD3                             00000003
LATD4                             00000004
MPASM 5.84                         HW6-3.ASM   9-26-2024  1:23:07         PAGE 16


SYMBOL TABLE
  LABEL                             VALUE 

LATD5                             00000005
LATD6                             00000006
LATD7                             00000007
LATE                              00000F8D
LATE0                             00000000
LATE1                             00000001
LATE2                             00000002
LVDCON                            00000FD2
LVDEN                             00000004
LVDIE                             00000002
LVDIF                             00000002
LVDIN                             00000005
LVDIP                             00000002
LVDL0                             00000000
LVDL1                             00000001
LVDL2                             00000002
LVDL3                             00000003
LVV0                              00000000
LVV1                              00000001
LVV2                              00000002
LVV3                              00000003
MCLR                              00000003
N                                 00000004
NOT_A                             00000005
NOT_ADDRESS                       00000005
NOT_BOR                           00000000
NOT_CS                            00000002
NOT_DONE                          00000001
NOT_MCLR                          00000003
NOT_PD                            00000002
NOT_POR                           00000001
NOT_RBPU                          00000007
NOT_RD                            00000000
NOT_RI                            00000004
NOT_SS                            00000005
NOT_T1SYNC                        00000002
NOT_T3SYNC                        00000002
NOT_TO                            00000003
NOT_W                             00000002
NOT_WR                            00000001
NOT_WRITE                         00000002
OBF                               00000006
OERR                              00000001
OSC1                              00000007
OSC2                              00000006
OSCCON                            00000FD3
OSCFIE                            00000007
OSCFIF                            00000007
OSCFIP                            00000007
OSCTUNE                           00000F9B
OSTS                              00000003
OV                                00000003
P                                 00000004
MPASM 5.84                         HW6-3.ASM   9-26-2024  1:23:07         PAGE 17


SYMBOL TABLE
  LABEL                             VALUE 

P1A                               00000002
P1B                               00000005
P1C                               00000006
P1D                               00000007
P1M0                              00000006
P1M1                              00000007
PC                                00000FF9
PCFG0                             00000000
PCFG1                             00000001
PCFG2                             00000002
PCFG3                             00000003
PCL                               00000FF9
PCLATH                            00000FFA
PCLATU                            00000FFB
PD                                00000002
PDC0                              00000000
PDC1                              00000001
PDC2                              00000002
PDC3                              00000003
PDC4                              00000004
PDC5                              00000005
PDC6                              00000006
PEIE                              00000006
PEIE_GIEL                         00000006
PEN                               00000002
PGC                               00000006
PGD                               00000007
PGM                               00000005
PIE1                              00000F9D
PIE2                              00000FA0
PIR1                              00000F9E
PIR2                              00000FA1
PLLEN                             00000006
PLUSW0                            00000FEB
PLUSW1                            00000FE3
PLUSW2                            00000FDB
POR                               00000001
PORTA                             00000F80
PORTB                             00000F81
PORTC                             00000F82
PORTD                             00000F83
PORTE                             00000F84
POSTDEC0                          00000FED
POSTDEC1                          00000FE5
POSTDEC2                          00000FDD
POSTINC0                          00000FEE
POSTINC1                          00000FE6
POSTINC2                          00000FDE
PR2                               00000FCB
PREINC0                           00000FEC
PREINC1                           00000FE4
PREINC2                           00000FDC
PROD                              00000FF3
MPASM 5.84                         HW6-3.ASM   9-26-2024  1:23:07         PAGE 18


SYMBOL TABLE
  LABEL                             VALUE 

PRODH                             00000FF4
PRODL                             00000FF3
PRSEN                             00000007
PSA                               00000003
PSP0                              00000000
PSP1                              00000001
PSP2                              00000002
PSP3                              00000003
PSP4                              00000004
PSP5                              00000005
PSP6                              00000006
PSP7                              00000007
PSPIE                             00000007
PSPIF                             00000007
PSPIP                             00000007
PSPMODE                           00000004
PSSAC0                            00000002
PSSAC1                            00000003
PSSBD0                            00000000
PSSBD1                            00000001
PWM1CON                           00000FB7
R                                 00000002
RA0                               00000000
RA1                               00000001
RA2                               00000002
RA3                               00000003
RA4                               00000004
RA5                               00000005
RA6                               00000006
RA7                               00000007
RB0                               00000000
RB1                               00000001
RB2                               00000002
RB3                               00000003
RB4                               00000004
RB5                               00000005
RB6                               00000006
RB7                               00000007
RBIE                              00000003
RBIF                              00000000
RBIP                              00000000
RBPU                              00000007
RC0                               00000000
RC1                               00000001
RC2                               00000002
RC3                               00000003
RC4                               00000004
RC5                               00000005
RC6                               00000006
RC7                               00000007
RCEN                              00000003
RCIDL                             00000006
RCIE                              00000005
MPASM 5.84                         HW6-3.ASM   9-26-2024  1:23:07         PAGE 19


SYMBOL TABLE
  LABEL                             VALUE 

RCIF                              00000005
RCIP                              00000005
RCMT                              00000006
RCON                              00000FD0
RCREG                             00000FAE
RCSTA                             00000FAB
RD                                00000000
RD0                               00000000
RD1                               00000001
RD16                              00000007
RD2                               00000002
RD3                               00000003
RD4                               00000004
RD5                               00000005
RD6                               00000006
RD7                               00000007
RE0                               00000000
RE1                               00000001
RE2                               00000002
RE3                               00000003
RI                                00000004
RSEN                              00000001
RX                                00000007
RX9                               00000006
RX9D                              00000000
RXDTP                             00000005
R_NOT_W                           00000002
R_W                               00000002
S                                 00000003
SBOREN                            00000006
SCK                               00000003
SCKP                              00000004
SCL                               00000003
SCS0                              00000000
SCS1                              00000001
SDA                               00000004
SDI                               00000004
SDO                               00000005
SEN                               00000000
SENDB                             00000003
SMP                               00000007
SP0                               00000000
SP1                               00000001
SP2                               00000002
SP3                               00000003
SP4                               00000004
SPBRG                             00000FAF
SPBRGH                            00000FB0
SPEN                              00000007
SREN                              00000005
SS                                00000005
SSPADD                            00000FC8
SSPBUF                            00000FC9
MPASM 5.84                         HW6-3.ASM   9-26-2024  1:23:07         PAGE 20


SYMBOL TABLE
  LABEL                             VALUE 

SSPCON1                           00000FC6
SSPCON2                           00000FC5
SSPEN                             00000005
SSPIE                             00000003
SSPIF                             00000003
SSPIP                             00000003
SSPM0                             00000000
SSPM1                             00000001
SSPM2                             00000002
SSPM3                             00000003
SSPOV                             00000006
SSPSTAT                           00000FC7
STATUS                            00000FD8
STKFUL                            00000007
STKOVF                            00000007
STKPTR                            00000FFC
STKUNF                            00000006
SWDTE                             00000000
SWDTEN                            00000000
SYNC                              00000004
T016BIT                           00000006
T08BIT                            00000006
T0CKI                             00000004
T0CON                             00000FD5
T0CS                              00000005
T0IE                              00000005
T0IF                              00000002
T0PS0                             00000000
T0PS1                             00000001
T0PS2                             00000002
T0PS3                             00000003
T0SE                              00000004
T13CKI                            00000000
T1CKI                             00000000
T1CKPS0                           00000004
T1CKPS1                           00000005
T1CON                             00000FCD
T1OSCEN                           00000003
T1OSI                             00000001
T1OSO                             00000000
T1RUN                             00000006
T1SYNC                            00000002
T2CKPS0                           00000000
T2CKPS1                           00000001
T2CON                             00000FCA
T2OUTPS0                          00000003
T2OUTPS1                          00000004
T2OUTPS2                          00000005
T2OUTPS3                          00000006
T3CCP1                            00000003
T3CCP2                            00000006
T3CKPS0                           00000004
T3CKPS1                           00000005
MPASM 5.84                         HW6-3.ASM   9-26-2024  1:23:07         PAGE 21


SYMBOL TABLE
  LABEL                             VALUE 

T3CON                             00000FB1
T3SYNC                            00000002
TABLAT                            00000FF5
TBLPTR                            00000FF6
TBLPTRH                           00000FF7
TBLPTRL                           00000FF6
TBLPTRU                           00000FF8
TMR0                              00000FD6
TMR0H                             00000FD7
TMR0IE                            00000005
TMR0IF                            00000002
TMR0IP                            00000002
TMR0L                             00000FD6
TMR0ON                            00000007
TMR1                              00000FCE
TMR1CS                            00000001
TMR1H                             00000FCF
TMR1IE                            00000000
TMR1IF                            00000000
TMR1IP                            00000000
TMR1L                             00000FCE
TMR1ON                            00000000
TMR2                              00000FCC
TMR2IE                            00000001
TMR2IF                            00000001
TMR2IP                            00000001
TMR2ON                            00000002
TMR3                              00000FB2
TMR3CS                            00000001
TMR3H                             00000FB3
TMR3IE                            00000001
TMR3IF                            00000001
TMR3IP                            00000001
TMR3L                             00000FB2
TMR3ON                            00000000
TO                                00000003
TOS                               00000FFD
TOSH                              00000FFE
TOSL                              00000FFD
TOSU                              00000FFF
TOUTPS0                           00000003
TOUTPS1                           00000004
TOUTPS2                           00000005
TOUTPS3                           00000006
TRISA                             00000F92
TRISA0                            00000000
TRISA1                            00000001
TRISA2                            00000002
TRISA3                            00000003
TRISA4                            00000004
TRISA5                            00000005
TRISA6                            00000006
TRISA7                            00000007
MPASM 5.84                         HW6-3.ASM   9-26-2024  1:23:07         PAGE 22


SYMBOL TABLE
  LABEL                             VALUE 

TRISB                             00000F93
TRISB0                            00000000
TRISB1                            00000001
TRISB2                            00000002
TRISB3                            00000003
TRISB4                            00000004
TRISB5                            00000005
TRISB6                            00000006
TRISB7                            00000007
TRISC                             00000F94
TRISC0                            00000000
TRISC1                            00000001
TRISC2                            00000002
TRISC3                            00000003
TRISC4                            00000004
TRISC5                            00000005
TRISC6                            00000006
TRISC7                            00000007
TRISD                             00000F95
TRISD0                            00000000
TRISD1                            00000001
TRISD2                            00000002
TRISD3                            00000003
TRISD4                            00000004
TRISD5                            00000005
TRISD6                            00000006
TRISD7                            00000007
TRISE                             00000F96
TRISE0                            00000000
TRISE1                            00000001
TRISE2                            00000002
TRMT                              00000001
TUN0                              00000000
TUN1                              00000001
TUN2                              00000002
TUN3                              00000003
TUN4                              00000004
TX                                00000006
TX9                               00000006
TX9D                              00000000
TXCKP                             00000004
TXEN                              00000005
TXIE                              00000004
TXIF                              00000004
TXIP                              00000004
TXREG                             00000FAD
TXSTA                             00000FAC
UA                                00000001
VCFG0                             00000004
VCFG1                             00000005
VDIRMAG                           00000007
VPP                               00000003
VREFN                             00000002
MPASM 5.84                         HW6-3.ASM   9-26-2024  1:23:07         PAGE 23


SYMBOL TABLE
  LABEL                             VALUE 

VREFP                             00000003
W                                 00000000
WCOL                              00000007
WDTCON                            00000FD1
WR                                00000001
WREG                              00000FE8
WREN                              00000002
WRERR                             00000003
WUE                               00000001
Z                                 00000002
_BOREN_NOSLP_2L                   000000FD
_BOREN_OFF_2L                     000000F9
_BOREN_ON_2L                      000000FB
_BOREN_SBORDIS_2L                 000000FF
_BORV_0_2L                        000000E7
_BORV_1_2L                        000000EF
_BORV_2_2L                        000000F7
_BORV_3_2L                        000000FF
_CCP2MX_PORTBE_3H                 000000FE
_CCP2MX_PORTC_3H                  000000FF
_CONFIG1H                         00300001
_CONFIG2H                         00300003
_CONFIG2L                         00300002
_CONFIG3H                         00300005
_CONFIG4L                         00300006
_CONFIG5H                         00300009
_CONFIG5L                         00300008
_CONFIG6H                         0030000B
_CONFIG6L                         0030000A
_CONFIG7H                         0030000D
_CONFIG7L                         0030000C
_CP0_OFF_5L                       000000FF
_CP0_ON_5L                        000000FE
_CP1_OFF_5L                       000000FF
_CP1_ON_5L                        000000FD
_CP2_OFF_5L                       000000FF
_CP2_ON_5L                        000000FB
_CP3_OFF_5L                       000000FF
_CP3_ON_5L                        000000F7
_CPB_OFF_5H                       000000FF
_CPB_ON_5H                        000000BF
_CPD_OFF_5H                       000000FF
_CPD_ON_5H                        0000007F
_DEBUG_OFF_4L                     000000FF
_DEBUG_ON_4L                      0000007F
_DEVID1                           003FFFFE
_DEVID2                           003FFFFF
_EBTR0_OFF_7L                     000000FF
_EBTR0_ON_7L                      000000FE
_EBTR1_OFF_7L                     000000FF
_EBTR1_ON_7L                      000000FD
_EBTR2_OFF_7L                     000000FF
_EBTR2_ON_7L                      000000FB
MPASM 5.84                         HW6-3.ASM   9-26-2024  1:23:07         PAGE 24


SYMBOL TABLE
  LABEL                             VALUE 

_EBTR3_OFF_7L                     000000FF
_EBTR3_ON_7L                      000000F7
_EBTRB_OFF_7H                     000000FF
_EBTRB_ON_7H                      000000BF
_FCMEN_OFF_1H                     000000BF
_FCMEN_ON_1H                      000000FF
_IDLOC0                           00200000
_IDLOC1                           00200001
_IDLOC2                           00200002
_IDLOC3                           00200003
_IDLOC4                           00200004
_IDLOC5                           00200005
_IDLOC6                           00200006
_IDLOC7                           00200007
_IESO_OFF_1H                      0000007F
_IESO_ON_1H                       000000FF
_LPT1OSC_OFF_3H                   000000FB
_LPT1OSC_ON_3H                    000000FF
_LVP_OFF_4L                       000000FB
_LVP_ON_4L                        000000FF
_MCLRE_OFF_3H                     0000007F
_MCLRE_ON_3H                      000000FF
_OSC_ECIO6_1H                     000000F5
_OSC_EC_1H                        000000F4
_OSC_HSPLL_1H                     000000F6
_OSC_HS_1H                        000000F2
_OSC_INTIO67_1H                   000000F8
_OSC_INTIO7_1H                    000000F9
_OSC_LP_1H                        000000F0
_OSC_RCIO6_1H                     000000F7
_OSC_RC_1H                        000000F3
_OSC_XT_1H                        000000F1
_PBADEN_OFF_3H                    000000FD
_PBADEN_ON_3H                     000000FF
_PWRT_OFF_2L                      000000FF
_PWRT_ON_2L                       000000FE
_STVREN_OFF_4L                    000000FE
_STVREN_ON_4L                     000000FF
_WDTPS_1024_2H                    000000F5
_WDTPS_128_2H                     000000EF
_WDTPS_16384_2H                   000000FD
_WDTPS_16_2H                      000000E9
_WDTPS_1_2H                       000000E1
_WDTPS_2048_2H                    000000F7
_WDTPS_256_2H                     000000F1
_WDTPS_2_2H                       000000E3
_WDTPS_32768_2H                   000000FF
_WDTPS_32_2H                      000000EB
_WDTPS_4096_2H                    000000F9
_WDTPS_4_2H                       000000E5
_WDTPS_512_2H                     000000F3
_WDTPS_64_2H                      000000ED
_WDTPS_8192_2H                    000000FB
MPASM 5.84                         HW6-3.ASM   9-26-2024  1:23:07         PAGE 25


SYMBOL TABLE
  LABEL                             VALUE 

_WDTPS_8_2H                       000000E7
_WDT_OFF_2H                       000000FE
_WDT_ON_2H                        000000FF
_WRT0_OFF_6L                      000000FF
_WRT0_ON_6L                       000000FE
_WRT1_OFF_6L                      000000FF
_WRT1_ON_6L                       000000FD
_WRT2_OFF_6L                      000000FF
_WRT2_ON_6L                       000000FB
_WRT3_OFF_6L                      000000FF
_WRT3_ON_6L                       000000F7
_WRTB_OFF_6H                      000000FF
_WRTB_ON_6H                       000000BF
_WRTC_OFF_6H                      000000FF
_WRTC_ON_6H                       000000DF
_WRTD_OFF_6H                      000000FF
_WRTD_ON_6H                       0000007F
_XINST_OFF_4L                     000000BF
_XINST_ON_4L                      000000FF
__18F4520                         00000001
__DEBUG                           
__MPLAB_DEBUGGER_SIMULATOR        1
check_process                     00000014
int                               00000000
open1                             0000001A
open2                             000000B0
open3                             00000146
open4                             000001DC
start                             00000000

Errors   :     0
Warnings :    66 reported,     0 suppressed
Messages :     0 reported,     0 suppressed

