Warning[205] C:\USERS\LIN\MPLABXPROJECTS\HW6.X\HW6-1.ASM 1 : Found directive in column 1. (LIST)
Warning[207] C:\USERS\LIN\MPLABXPROJECTS\HW6.X\HW6-1.ASM 7 : Found label after column 1. (L1)
Warning[207] C:\USERS\LIN\MPLABXPROJECTS\HW6.X\HW6-1.ASM 8 : Found label after column 1. (L2)
Warning[205] C:\USERS\LIN\MPLABXPROJECTS\HW6.X\HW6-1.ASM 29 : Found directive in column 1. (endm)
Warning[203] C:\USERS\LIN\MPLABXPROJECTS\HW6.X\HW6-1.ASM 33 : Found opcode in column 1. (MOVLW)
Warning[203] C:\USERS\LIN\MPLABXPROJECTS\HW6.X\HW6-1.ASM 34 : Found opcode in column 1. (MOVWF)
Warning[203] C:\USERS\LIN\MPLABXPROJECTS\HW6.X\HW6-1.ASM 35 : Found opcode in column 1. (CLRF)
Warning[203] C:\USERS\LIN\MPLABXPROJECTS\HW6.X\HW6-1.ASM 36 : Found opcode in column 1. (BSF)
Warning[203] C:\USERS\LIN\MPLABXPROJECTS\HW6.X\HW6-1.ASM 37 : Found opcode in column 1. (CLRF)
Warning[203] C:\USERS\LIN\MPLABXPROJECTS\HW6.X\HW6-1.ASM 38 : Found opcode in column 1. (BCF)
Warning[203] C:\USERS\LIN\MPLABXPROJECTS\HW6.X\HW6-1.ASM 39 : Found opcode in column 1. (BCF)
Warning[203] C:\USERS\LIN\MPLABXPROJECTS\HW6.X\HW6-1.ASM 40 : Found opcode in column 1. (BCF)
Warning[203] C:\USERS\LIN\MPLABXPROJECTS\HW6.X\HW6-1.ASM 41 : Found opcode in column 1. (BCF)
Warning[207] C:\USERS\LIN\MPLABXPROJECTS\HW6.X\HW6-1.ASM 48 : Found label after column 1. (open1)
Warning[207] C:\USERS\LIN\MPLABXPROJECTS\HW6.X\HW6-1.ASM 15 : Found label after column 1. (LOOP2)
Warning[207] C:\USERS\LIN\MPLABXPROJECTS\HW6.X\HW6-1.ASM 18 : Found label after column 1. (LOOP1)
Warning[207] C:\USERS\LIN\MPLABXPROJECTS\HW6.X\HW6-1.ASM 57 : Found label after column 1. (open2)
Warning[207] C:\USERS\LIN\MPLABXPROJECTS\HW6.X\HW6-1.ASM 15 : Found label after column 1. (LOOP2)
Warning[207] C:\USERS\LIN\MPLABXPROJECTS\HW6.X\HW6-1.ASM 18 : Found label after column 1. (LOOP1)
Warning[207] C:\USERS\LIN\MPLABXPROJECTS\HW6.X\HW6-1.ASM 66 : Found label after column 1. (open3)
Warning[207] C:\USERS\LIN\MPLABXPROJECTS\HW6.X\HW6-1.ASM 15 : Found label after column 1. (LOOP2)
Warning[207] C:\USERS\LIN\MPLABXPROJECTS\HW6.X\HW6-1.ASM 18 : Found label after column 1. (LOOP1)
Warning[207] C:\USERS\LIN\MPLABXPROJECTS\HW6.X\HW6-1.ASM 75 : Found label after column 1. (open4)
Warning[207] C:\USERS\LIN\MPLABXPROJECTS\HW6.X\HW6-1.ASM 15 : Found label after column 1. (LOOP2)
Warning[207] C:\USERS\LIN\MPLABXPROJECTS\HW6.X\HW6-1.ASM 18 : Found label after column 1. (LOOP1)
Warning[207] C:\USERS\LIN\MPLABXPROJECTS\HW6.X\HW6-1.ASM 84 : Found label after column 1. (closeall)
Warning[205] C:\USERS\LIN\MPLABXPROJECTS\HW6.X\HW6-1.ASM 86 : Found directive in column 1. (end)
