Warning[205] C:\USERS\LIN\MPLABXPROJECTS\HW2.X\HW2-3.ASM 2 : Found directive in column 1. (CONFIG)
Warning[205] C:\USERS\LIN\MPLABXPROJECTS\HW2.X\HW2-3.ASM 3 : Found directive in column 1. (CONFIG)
Warning[205] C:\USERS\LIN\MPLABXPROJECTS\HW2.X\HW2-3.ASM 4 : Found directive in column 1. (org)
Warning[203] C:\USERS\LIN\MPLABXPROJECTS\HW2.X\HW2-3.ASM 7 : Found opcode in column 1. (MOVLW)
Warning[203] C:\USERS\LIN\MPLABXPROJECTS\HW2.X\HW2-3.ASM 8 : Found opcode in column 1. (MOVWF)
Warning[203] C:\USERS\LIN\MPLABXPROJECTS\HW2.X\HW2-3.ASM 9 : Found opcode in column 1. (MOVLW)
Warning[203] C:\USERS\LIN\MPLABXPROJECTS\HW2.X\HW2-3.ASM 10 : Found opcode in column 1. (MOVLB)
Warning[203] C:\USERS\LIN\MPLABXPROJECTS\HW2.X\HW2-3.ASM 11 : Found opcode in column 1. (MOVWF)
Warning[203] C:\USERS\LIN\MPLABXPROJECTS\HW2.X\HW2-3.ASM 12 : Found opcode in column 1. (MOVLW)
Warning[203] C:\USERS\LIN\MPLABXPROJECTS\HW2.X\HW2-3.ASM 13 : Found opcode in column 1. (MOVLB)
Warning[203] C:\USERS\LIN\MPLABXPROJECTS\HW2.X\HW2-3.ASM 14 : Found opcode in column 1. (MOVWF)
Warning[203] C:\USERS\LIN\MPLABXPROJECTS\HW2.X\HW2-3.ASM 15 : Found opcode in column 1. (MOVLW)
Warning[203] C:\USERS\LIN\MPLABXPROJECTS\HW2.X\HW2-3.ASM 16 : Found opcode in column 1. (MOVLB)
Warning[203] C:\USERS\LIN\MPLABXPROJECTS\HW2.X\HW2-3.ASM 17 : Found opcode in column 1. (MOVWF)
Warning[203] C:\USERS\LIN\MPLABXPROJECTS\HW2.X\HW2-3.ASM 18 : Found opcode in column 1. (MOVLW)
Warning[203] C:\USERS\LIN\MPLABXPROJECTS\HW2.X\HW2-3.ASM 19 : Found opcode in column 1. (MOVLB)
Warning[203] C:\USERS\LIN\MPLABXPROJECTS\HW2.X\HW2-3.ASM 20 : Found opcode in column 1. (MOVWF)
Warning[203] C:\USERS\LIN\MPLABXPROJECTS\HW2.X\HW2-3.ASM 21 : Found opcode in column 1. (MOVLW)
Warning[203] C:\USERS\LIN\MPLABXPROJECTS\HW2.X\HW2-3.ASM 22 : Found opcode in column 1. (MOVLB)
Warning[203] C:\USERS\LIN\MPLABXPROJECTS\HW2.X\HW2-3.ASM 23 : Found opcode in column 1. (MOVWF)
Warning[203] C:\USERS\LIN\MPLABXPROJECTS\HW2.X\HW2-3.ASM 24 : Found opcode in column 1. (MOVLW)
Warning[203] C:\USERS\LIN\MPLABXPROJECTS\HW2.X\HW2-3.ASM 25 : Found opcode in column 1. (MOVLB)
Warning[203] C:\USERS\LIN\MPLABXPROJECTS\HW2.X\HW2-3.ASM 26 : Found opcode in column 1. (MOVWF)
Warning[203] C:\USERS\LIN\MPLABXPROJECTS\HW2.X\HW2-3.ASM 27 : Found opcode in column 1. (MOVLW)
Warning[203] C:\USERS\LIN\MPLABXPROJECTS\HW2.X\HW2-3.ASM 28 : Found opcode in column 1. (MOVLB)
Warning[203] C:\USERS\LIN\MPLABXPROJECTS\HW2.X\HW2-3.ASM 29 : Found opcode in column 1. (MOVWF)
Warning[203] C:\USERS\LIN\MPLABXPROJECTS\HW2.X\HW2-3.ASM 30 : Found opcode in column 1. (MOVLW)
Warning[203] C:\USERS\LIN\MPLABXPROJECTS\HW2.X\HW2-3.ASM 31 : Found opcode in column 1. (MOVLB)
Warning[203] C:\USERS\LIN\MPLABXPROJECTS\HW2.X\HW2-3.ASM 32 : Found opcode in column 1. (MOVWF)
Warning[203] C:\USERS\LIN\MPLABXPROJECTS\HW2.X\HW2-3.ASM 33 : Found opcode in column 1. (MOVLW)
Warning[203] C:\USERS\LIN\MPLABXPROJECTS\HW2.X\HW2-3.ASM 34 : Found opcode in column 1. (MOVLB)
Warning[203] C:\USERS\LIN\MPLABXPROJECTS\HW2.X\HW2-3.ASM 35 : Found opcode in column 1. (MOVWF)
Warning[203] C:\USERS\LIN\MPLABXPROJECTS\HW2.X\HW2-3.ASM 38 : Found opcode in column 1. (LFSR)
Warning[203] C:\USERS\LIN\MPLABXPROJECTS\HW2.X\HW2-3.ASM 39 : Found opcode in column 1. (LFSR)
Warning[203] C:\USERS\LIN\MPLABXPROJECTS\HW2.X\HW2-3.ASM 40 : Found opcode in column 1. (LFSR)
Warning[203] C:\USERS\LIN\MPLABXPROJECTS\HW2.X\HW2-3.ASM 42 : Found opcode in column 1. (CLRF)
Warning[203] C:\USERS\LIN\MPLABXPROJECTS\HW2.X\HW2-3.ASM 43 : Found opcode in column 1. (ADDWF)
Warning[207] C:\USERS\LIN\MPLABXPROJECTS\HW2.X\HW2-3.ASM 49 : Found label after column 1. (l)
Warning[207] C:\USERS\LIN\MPLABXPROJECTS\HW2.X\HW2-3.ASM 58 : Found label after column 1. (r)
Warning[207] C:\USERS\LIN\MPLABXPROJECTS\HW2.X\HW2-3.ASM 69 : Found label after column 1. (ii)
