Warning[205] C:\USERS\LIN\MPLABXPROJECTS\HW2.X\HW2-2.ASM 2 : Found directive in column 1. (CONFIG)
Warning[205] C:\USERS\LIN\MPLABXPROJECTS\HW2.X\HW2-2.ASM 3 : Found directive in column 1. (CONFIG)
Warning[205] C:\USERS\LIN\MPLABXPROJECTS\HW2.X\HW2-2.ASM 4 : Found directive in column 1. (org)
Warning[203] C:\USERS\LIN\MPLABXPROJECTS\HW2.X\HW2-2.ASM 8 : Found opcode in column 1. (MOVLW)
Warning[203] C:\USERS\LIN\MPLABXPROJECTS\HW2.X\HW2-2.ASM 9 : Found opcode in column 1. (MOVWF)
Warning[203] C:\USERS\LIN\MPLABXPROJECTS\HW2.X\HW2-2.ASM 10 : Found opcode in column 1. (MOVLW)
Warning[203] C:\USERS\LIN\MPLABXPROJECTS\HW2.X\HW2-2.ASM 11 : Found opcode in column 1. (MOVWF)
Warning[203] C:\USERS\LIN\MPLABXPROJECTS\HW2.X\HW2-2.ASM 12 : Found opcode in column 1. (MOVLW)
Warning[203] C:\USERS\LIN\MPLABXPROJECTS\HW2.X\HW2-2.ASM 13 : Found opcode in column 1. (MOVWF)
Warning[203] C:\USERS\LIN\MPLABXPROJECTS\HW2.X\HW2-2.ASM 14 : Found opcode in column 1. (MOVLW)
Warning[203] C:\USERS\LIN\MPLABXPROJECTS\HW2.X\HW2-2.ASM 15 : Found opcode in column 1. (MOVWF)
Warning[203] C:\USERS\LIN\MPLABXPROJECTS\HW2.X\HW2-2.ASM 16 : Found opcode in column 1. (MOVLW)
Warning[203] C:\USERS\LIN\MPLABXPROJECTS\HW2.X\HW2-2.ASM 17 : Found opcode in column 1. (MOVWF)
Warning[203] C:\USERS\LIN\MPLABXPROJECTS\HW2.X\HW2-2.ASM 18 : Found opcode in column 1. (MOVLW)
Warning[203] C:\USERS\LIN\MPLABXPROJECTS\HW2.X\HW2-2.ASM 19 : Found opcode in column 1. (MOVWF)
Warning[203] C:\USERS\LIN\MPLABXPROJECTS\HW2.X\HW2-2.ASM 20 : Found opcode in column 1. (MOVLW)
Warning[203] C:\USERS\LIN\MPLABXPROJECTS\HW2.X\HW2-2.ASM 21 : Found opcode in column 1. (MOVWF)
Warning[203] C:\USERS\LIN\MPLABXPROJECTS\HW2.X\HW2-2.ASM 22 : Found opcode in column 1. (MOVLW)
Warning[203] C:\USERS\LIN\MPLABXPROJECTS\HW2.X\HW2-2.ASM 23 : Found opcode in column 1. (MOVWF)
Warning[203] C:\USERS\LIN\MPLABXPROJECTS\HW2.X\HW2-2.ASM 24 : Found opcode in column 1. (MOVLW)
Warning[203] C:\USERS\LIN\MPLABXPROJECTS\HW2.X\HW2-2.ASM 25 : Found opcode in column 1. (MOVWF)
Warning[203] C:\USERS\LIN\MPLABXPROJECTS\HW2.X\HW2-2.ASM 26 : Found opcode in column 1. (MOVLW)
Warning[203] C:\USERS\LIN\MPLABXPROJECTS\HW2.X\HW2-2.ASM 27 : Found opcode in column 1. (MOVWF)
Warning[203] C:\USERS\LIN\MPLABXPROJECTS\HW2.X\HW2-2.ASM 29 : Found opcode in column 1. (LFSR)
Warning[203] C:\USERS\LIN\MPLABXPROJECTS\HW2.X\HW2-2.ASM 30 : Found opcode in column 1. (LFSR)
Warning[203] C:\USERS\LIN\MPLABXPROJECTS\HW2.X\HW2-2.ASM 31 : Found opcode in column 1. (LFSR)
Warning[203] C:\USERS\LIN\MPLABXPROJECTS\HW2.X\HW2-2.ASM 32 : Found opcode in column 1. (MOVLW)
Warning[207] C:\USERS\LIN\MPLABXPROJECTS\HW2.X\HW2-2.ASM 37 : Found label after column 1. (i)
Warning[207] C:\USERS\LIN\MPLABXPROJECTS\HW2.X\HW2-2.ASM 41 : Found label after column 1. (jump)
Warning[207] C:\USERS\LIN\MPLABXPROJECTS\HW2.X\HW2-2.ASM 55 : Found label after column 1. (swap)
Warning[207] C:\USERS\LIN\MPLABXPROJECTS\HW2.X\HW2-2.ASM 67 : Found label after column 1. (ii)
Warning[205] C:\USERS\LIN\MPLABXPROJECTS\HW2.X\HW2-2.ASM 78 : Found directive in column 1. (end)
