Warning[207] C:\USERS\LIN\MPLABXPROJECTS\HW7.X\HW7-1.ASM 58 : Found label after column 1. (L1)
Warning[207] C:\USERS\LIN\MPLABXPROJECTS\HW7.X\HW7-1.ASM 59 : Found label after column 1. (L2)
Warning[205] C:\USERS\LIN\MPLABXPROJECTS\HW7.X\HW7-1.ASM 85 : Found directive in column 1. (endm)
Warning[203] C:\USERS\LIN\MPLABXPROJECTS\HW7.X\HW7-1.ASM 90 : Found opcode in column 1. (goto)
Warning[205] C:\USERS\LIN\MPLABXPROJECTS\HW7.X\HW7-1.ASM 92 : Found directive in column 1. (org)
Warning[207] C:\USERS\LIN\MPLABXPROJECTS\HW7.X\HW7-1.ASM 97 : Found label after column 1. (add)
Warning[207] C:\USERS\LIN\MPLABXPROJECTS\HW7.X\HW7-1.ASM 100 : Found label after column 1. (dec)
Warning[207] C:\USERS\LIN\MPLABXPROJECTS\HW7.X\HW7-1.ASM 102 : Found label after column 1. (fin)
Warning[207] C:\USERS\LIN\MPLABXPROJECTS\HW7.X\HW7-1.ASM 123 : Found label after column 1. (main)
Warning[207] C:\USERS\LIN\MPLABXPROJECTS\HW7.X\HW7-1.ASM 127 : Found label after column 1. (i)
Warning[207] C:\USERS\LIN\MPLABXPROJECTS\HW7.X\HW7-1.ASM 71 : Found label after column 1. (LOOP2)
Warning[202] C:\USERS\LIN\MPLABXPROJECTS\HW7.X\HW7-1.ASM 72 : Argument out of range.  Least significant bits used.
Warning[207] C:\USERS\LIN\MPLABXPROJECTS\HW7.X\HW7-1.ASM 74 : Found label after column 1. (LOOP1)
Warning[207] C:\USERS\LIN\MPLABXPROJECTS\HW7.X\HW7-1.ASM 71 : Found label after column 1. (LOOP2)
Warning[202] C:\USERS\LIN\MPLABXPROJECTS\HW7.X\HW7-1.ASM 72 : Argument out of range.  Least significant bits used.
Warning[207] C:\USERS\LIN\MPLABXPROJECTS\HW7.X\HW7-1.ASM 74 : Found label after column 1. (LOOP1)
Warning[207] C:\USERS\LIN\MPLABXPROJECTS\HW7.X\HW7-1.ASM 135 : Found label after column 1. (ii)
Warning[207] C:\USERS\LIN\MPLABXPROJECTS\HW7.X\HW7-1.ASM 71 : Found label after column 1. (LOOP2)
Warning[202] C:\USERS\LIN\MPLABXPROJECTS\HW7.X\HW7-1.ASM 72 : Argument out of range.  Least significant bits used.
Warning[207] C:\USERS\LIN\MPLABXPROJECTS\HW7.X\HW7-1.ASM 74 : Found label after column 1. (LOOP1)
Warning[207] C:\USERS\LIN\MPLABXPROJECTS\HW7.X\HW7-1.ASM 71 : Found label after column 1. (LOOP2)
Warning[202] C:\USERS\LIN\MPLABXPROJECTS\HW7.X\HW7-1.ASM 72 : Argument out of range.  Least significant bits used.
Warning[207] C:\USERS\LIN\MPLABXPROJECTS\HW7.X\HW7-1.ASM 74 : Found label after column 1. (LOOP1)
Warning[205] C:\USERS\LIN\MPLABXPROJECTS\HW7.X\HW7-1.ASM 143 : Found directive in column 1. (end)
