Warning[205] C:\USERS\LIN\MPLABXPROJECTS\HW7.X\HW7-3.ASM 3 : Found directive in column 1. (CONFIG)
Warning[207] C:\USERS\LIN\MPLABXPROJECTS\HW7.X\HW7-3.ASM 8 : Found label after column 1. (L1)
Warning[207] C:\USERS\LIN\MPLABXPROJECTS\HW7.X\HW7-3.ASM 9 : Found label after column 1. (L2)
Warning[205] C:\USERS\LIN\MPLABXPROJECTS\HW7.X\HW7-3.ASM 30 : Found directive in column 1. (endm)
Warning[203] C:\USERS\LIN\MPLABXPROJECTS\HW7.X\HW7-3.ASM 33 : Found opcode in column 1. (nop)
Warning[203] C:\USERS\LIN\MPLABXPROJECTS\HW7.X\HW7-3.ASM 34 : Found opcode in column 1. (goto)
Warning[207] C:\USERS\LIN\MPLABXPROJECTS\HW7.X\HW7-3.ASM 43 : Found label after column 1. (i)
Warning[207] C:\USERS\LIN\MPLABXPROJECTS\HW7.X\HW7-3.ASM 16 : Found label after column 1. (LOOP2)
Warning[207] C:\USERS\LIN\MPLABXPROJECTS\HW7.X\HW7-3.ASM 19 : Found label after column 1. (LOOP1)
Warning[207] C:\USERS\LIN\MPLABXPROJECTS\HW7.X\HW7-3.ASM 16 : Found label after column 1. (LOOP2)
Warning[207] C:\USERS\LIN\MPLABXPROJECTS\HW7.X\HW7-3.ASM 19 : Found label after column 1. (LOOP1)
Warning[207] C:\USERS\LIN\MPLABXPROJECTS\HW7.X\HW7-3.ASM 16 : Found label after column 1. (LOOP2)
Warning[207] C:\USERS\LIN\MPLABXPROJECTS\HW7.X\HW7-3.ASM 19 : Found label after column 1. (LOOP1)
Warning[207] C:\USERS\LIN\MPLABXPROJECTS\HW7.X\HW7-3.ASM 16 : Found label after column 1. (LOOP2)
Warning[207] C:\USERS\LIN\MPLABXPROJECTS\HW7.X\HW7-3.ASM 19 : Found label after column 1. (LOOP1)
Warning[207] C:\USERS\LIN\MPLABXPROJECTS\HW7.X\HW7-3.ASM 93 : Found label after column 1. (open1)
Warning[207] C:\USERS\LIN\MPLABXPROJECTS\HW7.X\HW7-3.ASM 16 : Found label after column 1. (LOOP2)
Warning[207] C:\USERS\LIN\MPLABXPROJECTS\HW7.X\HW7-3.ASM 19 : Found label after column 1. (LOOP1)
Warning[207] C:\USERS\LIN\MPLABXPROJECTS\HW7.X\HW7-3.ASM 16 : Found label after column 1. (LOOP2)
Warning[207] C:\USERS\LIN\MPLABXPROJECTS\HW7.X\HW7-3.ASM 19 : Found label after column 1. (LOOP1)
Warning[207] C:\USERS\LIN\MPLABXPROJECTS\HW7.X\HW7-3.ASM 16 : Found label after column 1. (LOOP2)
Warning[207] C:\USERS\LIN\MPLABXPROJECTS\HW7.X\HW7-3.ASM 19 : Found label after column 1. (LOOP1)
Warning[207] C:\USERS\LIN\MPLABXPROJECTS\HW7.X\HW7-3.ASM 16 : Found label after column 1. (LOOP2)
Warning[207] C:\USERS\LIN\MPLABXPROJECTS\HW7.X\HW7-3.ASM 19 : Found label after column 1. (LOOP1)
Warning[207] C:\USERS\LIN\MPLABXPROJECTS\HW7.X\HW7-3.ASM 103 : Found label after column 1. (open2)
Warning[206] C:\USERS\LIN\MPLABXPROJECTS\HW7.X\HW7-3.ASM 107 : Found call to macro in column 1. (DELAY)
Warning[207] C:\USERS\LIN\MPLABXPROJECTS\HW7.X\HW7-3.ASM 16 : Found label after column 1. (LOOP2)
Warning[207] C:\USERS\LIN\MPLABXPROJECTS\HW7.X\HW7-3.ASM 19 : Found label after column 1. (LOOP1)
Warning[206] C:\USERS\LIN\MPLABXPROJECTS\HW7.X\HW7-3.ASM 108 : Found call to macro in column 1. (DELAY)
Warning[207] C:\USERS\LIN\MPLABXPROJECTS\HW7.X\HW7-3.ASM 16 : Found label after column 1. (LOOP2)
Warning[207] C:\USERS\LIN\MPLABXPROJECTS\HW7.X\HW7-3.ASM 19 : Found label after column 1. (LOOP1)
Warning[207] C:\USERS\LIN\MPLABXPROJECTS\HW7.X\HW7-3.ASM 111 : Found label after column 1. (open3)
Warning[206] C:\USERS\LIN\MPLABXPROJECTS\HW7.X\HW7-3.ASM 112 : Found call to macro in column 1. (DELAY)
Warning[207] C:\USERS\LIN\MPLABXPROJECTS\HW7.X\HW7-3.ASM 16 : Found label after column 1. (LOOP2)
Warning[207] C:\USERS\LIN\MPLABXPROJECTS\HW7.X\HW7-3.ASM 19 : Found label after column 1. (LOOP1)
Warning[203] C:\USERS\LIN\MPLABXPROJECTS\HW7.X\HW7-3.ASM 113 : Found opcode in column 1. (goto)
Warning[205] C:\USERS\LIN\MPLABXPROJECTS\HW7.X\HW7-3.ASM 115 : Found directive in column 1. (end)
